
*** Running vivado
    with args -log design_1_wrapper.vdi -applog -m64 -product Vivado -messageDb vivado.pb -mode batch -source design_1_wrapper.tcl -notrace



****** Vivado v2023.1 (64-bit)
  **** SW Build 3865809 on Sun May  7 15:05:29 MDT 2023
  **** IP Build 3864474 on Sun May  7 20:36:21 MDT 2023
  **** SharedData Build 3865790 on Sun May 07 13:33:03 MDT 2023
    ** Copyright 1986-2022 Xilinx, Inc. All Rights Reserved.
    ** Copyright 2022-2023 Advanced Micro Devices, Inc. All Rights Reserved.

source design_1_wrapper.tcl -notrace
create_project: Time (s): cpu = 00:00:13 ; elapsed = 00:00:14 . Memory (MB): peak = 1382.543 ; gain = 159.336
INFO: [IP_Flow 19-234] Refreshing IP repositories
INFO: [IP_Flow 19-1700] Loaded user IP repository 'c:/Users/rlaqj/Project/DSD/Lab/Lab01/ip_repo'.
INFO: [IP_Flow 19-2313] Loaded Vivado IP repository 'C:/Xilinx/Vivado/2023.1/data/ip'.
add_files: Time (s): cpu = 00:00:04 ; elapsed = 00:00:05 . Memory (MB): peak = 1469.391 ; gain = 43.574
Command: link_design -top design_1_wrapper -part xck26-sfvc784-2LV-c
Design is defaulting to srcset: sources_1
Design is defaulting to constrset: constrs_1
INFO: [Device 21-403] Loading part xck26-sfvc784-2LV-c
INFO: [Project 1-454] Reading design checkpoint 'c:/Users/rlaqj/Project/DSD/Lab/Lab01/Vivado/Vivado.gen/sources_1/bd/design_1/ip/design_1_top_0_0/design_1_top_0_0.dcp' for cell 'design_1_i/top_0'
INFO: [Project 1-454] Reading design checkpoint 'c:/Users/rlaqj/Project/DSD/Lab/Lab01/Vivado/Vivado.gen/sources_1/bd/design_1/ip/design_1_zynq_ultra_ps_e_0_0/design_1_zynq_ultra_ps_e_0_0.dcp' for cell 'design_1_i/zynq_ultra_ps_e_0'
Netlist sorting complete. Time (s): cpu = 00:00:00 ; elapsed = 00:00:00.113 . Memory (MB): peak = 2474.918 ; gain = 0.000
INFO: [Netlist 29-17] Analyzing 58 Unisim elements for replacement
INFO: [Netlist 29-28] Unisim Transformation completed in 0 CPU seconds
INFO: [Project 1-479] Netlist was created with Vivado 2023.1
INFO: [Project 1-570] Preparing netlist for logic optimization
INFO: [Chipscope 16-324] Core: design_1_i/top_0/inst/u_ila_0 UUID: f628c33d-29bd-51fb-b6cd-6e1a72aafb01 
INFO: [Chipscope 16-324] Core: design_1_i/top_0/inst/u_vio_0 UUID: 538670a1-aaed-5bf6-a292-a05728446c7e 
Parsing XDC File [c:/Users/rlaqj/Project/DSD/Lab/Lab01/Vivado/Vivado.gen/sources_1/bd/design_1/ip/design_1_top_0_0/src/vio_0/vio_0.xdc] for cell 'design_1_i/top_0/inst/u_vio_0'
Finished Parsing XDC File [c:/Users/rlaqj/Project/DSD/Lab/Lab01/Vivado/Vivado.gen/sources_1/bd/design_1/ip/design_1_top_0_0/src/vio_0/vio_0.xdc] for cell 'design_1_i/top_0/inst/u_vio_0'
Parsing XDC File [c:/Users/rlaqj/Project/DSD/Lab/Lab01/Vivado/Vivado.gen/sources_1/bd/design_1/ip/design_1_top_0_0/src/ila_0/ila_v6_2/constraints/ila_impl.xdc] for cell 'design_1_i/top_0/inst/u_ila_0/inst'
Finished Parsing XDC File [c:/Users/rlaqj/Project/DSD/Lab/Lab01/Vivado/Vivado.gen/sources_1/bd/design_1/ip/design_1_top_0_0/src/ila_0/ila_v6_2/constraints/ila_impl.xdc] for cell 'design_1_i/top_0/inst/u_ila_0/inst'
Parsing XDC File [c:/Users/rlaqj/Project/DSD/Lab/Lab01/Vivado/Vivado.gen/sources_1/bd/design_1/ip/design_1_top_0_0/src/ila_0/ila_v6_2/constraints/ila.xdc] for cell 'design_1_i/top_0/inst/u_ila_0/inst'
Finished Parsing XDC File [c:/Users/rlaqj/Project/DSD/Lab/Lab01/Vivado/Vivado.gen/sources_1/bd/design_1/ip/design_1_top_0_0/src/ila_0/ila_v6_2/constraints/ila.xdc] for cell 'design_1_i/top_0/inst/u_ila_0/inst'
Parsing XDC File [c:/Users/rlaqj/Project/DSD/Lab/Lab01/Vivado/Vivado.gen/sources_1/bd/design_1/ip/design_1_top_0_0/src/top.xdc] for cell 'design_1_i/top_0/inst'
create_clock: Time (s): cpu = 00:00:09 ; elapsed = 00:00:09 . Memory (MB): peak = 2606.973 ; gain = 34.387
WARNING: [Constraints 18-402] set_false_path: 'design_1_i/top_0/inst/rst_n' is not a valid startpoint. [c:/Users/rlaqj/Project/DSD/Lab/Lab01/Vivado/Vivado.gen/sources_1/bd/design_1/ip/design_1_top_0_0/src/top.xdc:5]
Resolution: A valid start point is a main or generated clock pin or port, a clock pin of a sequential cell, or a primary input or inout port. Please validate that all the objects returned by your query belong to this list.
CRITICAL WARNING: [Constraints 18-513] set_false_path: list of objects specified for '-from' option contains no valid startpoints. Please check to make sure at least one valid startpoint is specified. [c:/Users/rlaqj/Project/DSD/Lab/Lab01/Vivado/Vivado.gen/sources_1/bd/design_1/ip/design_1_top_0_0/src/top.xdc:5]
Finished Parsing XDC File [c:/Users/rlaqj/Project/DSD/Lab/Lab01/Vivado/Vivado.gen/sources_1/bd/design_1/ip/design_1_top_0_0/src/top.xdc] for cell 'design_1_i/top_0/inst'
Parsing XDC File [c:/Users/rlaqj/Project/DSD/Lab/Lab01/Vivado/Vivado.gen/sources_1/bd/design_1/ip/design_1_zynq_ultra_ps_e_0_0/design_1_zynq_ultra_ps_e_0_0.xdc] for cell 'design_1_i/zynq_ultra_ps_e_0/inst'
Finished Parsing XDC File [c:/Users/rlaqj/Project/DSD/Lab/Lab01/Vivado/Vivado.gen/sources_1/bd/design_1/ip/design_1_zynq_ultra_ps_e_0_0/design_1_zynq_ultra_ps_e_0_0.xdc] for cell 'design_1_i/zynq_ultra_ps_e_0/inst'
Parsing XDC File [C:/Users/rlaqj/Project/DSD/Lab/Lab01/Vivado/Vivado.srcs/constrs_1/new/top.xdc]
WARNING: [Vivado 12-584] No ports matched 'clk'. [C:/Users/rlaqj/Project/DSD/Lab/Lab01/Vivado/Vivado.srcs/constrs_1/new/top.xdc:2]
CRITICAL WARNING: [Vivado 12-4739] create_clock:No valid object(s) found for '-objects [get_ports clk]'. [C:/Users/rlaqj/Project/DSD/Lab/Lab01/Vivado/Vivado.srcs/constrs_1/new/top.xdc:2]
Resolution: Check if the specified object(s) exists in the current design. If it does, ensure that the correct design hierarchy was specified for the object. If you are working with clocks, make sure create_clock was used to create the clock object before it is referenced.
WARNING: [Vivado 12-584] No ports matched 'rst_n'. [C:/Users/rlaqj/Project/DSD/Lab/Lab01/Vivado/Vivado.srcs/constrs_1/new/top.xdc:5]
CRITICAL WARNING: [Vivado 12-4739] set_false_path:No valid object(s) found for '-from [get_ports rst_n]'. [C:/Users/rlaqj/Project/DSD/Lab/Lab01/Vivado/Vivado.srcs/constrs_1/new/top.xdc:5]
Resolution: Check if the specified object(s) exists in the current design. If it does, ensure that the correct design hierarchy was specified for the object. If you are working with clocks, make sure create_clock was used to create the clock object before it is referenced.
Finished Parsing XDC File [C:/Users/rlaqj/Project/DSD/Lab/Lab01/Vivado/Vivado.srcs/constrs_1/new/top.xdc]
INFO: [Opt 31-138] Pushed 0 inverter(s) to 0 load pin(s).
Netlist sorting complete. Time (s): cpu = 00:00:00 ; elapsed = 00:00:00.003 . Memory (MB): peak = 2609.203 ; gain = 0.000
INFO: [Project 1-111] Unisim Transformation Summary:
  A total of 44 instances were transformed.
  CFGLUT5 => CFGLUT5 (SRL16E, SRLC32E): 44 instances

14 Infos, 3 Warnings, 3 Critical Warnings and 0 Errors encountered.
link_design completed successfully
link_design: Time (s): cpu = 00:00:31 ; elapsed = 00:00:37 . Memory (MB): peak = 2609.203 ; gain = 1139.812
Command: opt_design
Attempting to get a license for feature 'Implementation' and/or device 'xck26'
INFO: [Common 17-349] Got license for feature 'Implementation' and/or device 'xck26'
Running DRC as a precondition to command opt_design

Starting DRC Task
INFO: [DRC 23-27] Running DRC with 2 threads
INFO: [Project 1-461] DRC finished with 0 Errors
INFO: [Project 1-462] Please refer to the DRC report (report_drc) for more information.

Time (s): cpu = 00:00:05 ; elapsed = 00:00:03 . Memory (MB): peak = 2640.199 ; gain = 30.996

Starting Cache Timing Information Task
INFO: [Timing 38-35] Done setting XDC timing constraints.
Ending Cache Timing Information Task | Checksum: 9c15a0eb

Time (s): cpu = 00:00:05 ; elapsed = 00:00:05 . Memory (MB): peak = 2906.891 ; gain = 266.691

Starting Logic Optimization Task

Phase 1 Generate And Synthesize Debug Cores
INFO: [Chipscope 16-329] Generating Script for core instance : dbg_hub 
INFO: [IP_Flow 19-3806] Processing IP xilinx.com:ip:xsdbm:3.0 for cell dbg_hub_CV.
Netlist sorting complete. Time (s): cpu = 00:00:00 ; elapsed = 00:00:00.044 . Memory (MB): peak = 3274.863 ; gain = 0.000
Phase 1 Generate And Synthesize Debug Cores | Checksum: 133d851fd

Time (s): cpu = 00:00:02 ; elapsed = 00:04:14 . Memory (MB): peak = 3274.863 ; gain = 19.898

Phase 2 Retarget
INFO: [Opt 31-138] Pushed 5 inverter(s) to 30 load pin(s).
INFO: [Opt 31-422] The CLOCK_DOMAINS attribute on the BRAM cell design_1_i/top_0/inst/u_ila_0/inst/ila_core_inst/ila_trace_memory_inst/SUBCORE_RAM_BLK_MEM_1.trace_block_memory/inst_blk_mem_gen/gnbram.gnativebmg.native_blk_mem_gen/valid.cstr/ramloop[0].ram.r/prim_noinit.ram/DEVICE_8SERIES.NO_BMM_INFO.SDP.SIMPLE_PRIM18.ram has been changed from INDEPENDENT to COMMON to match the clocking topology used for the BRAM.
INFO: [Opt 31-49] Retargeted 0 cell(s).
Phase 2 Retarget | Checksum: affd6239

Time (s): cpu = 00:00:03 ; elapsed = 00:04:15 . Memory (MB): peak = 3274.863 ; gain = 19.898
INFO: [Opt 31-389] Phase Retarget created 6 cells and removed 281 cells
INFO: [Opt 31-1021] In phase Retarget, 69 netlist objects are constrained preventing optimization. Please run opt_design with -debug_log to get more detail. 

Phase 3 Constant propagation
INFO: [Opt 31-138] Pushed 0 inverter(s) to 0 load pin(s).
Phase 3 Constant propagation | Checksum: 59e30125

Time (s): cpu = 00:00:03 ; elapsed = 00:04:15 . Memory (MB): peak = 3274.863 ; gain = 19.898
INFO: [Opt 31-389] Phase Constant propagation created 0 cells and removed 16 cells
INFO: [Opt 31-1021] In phase Constant propagation, 53 netlist objects are constrained preventing optimization. Please run opt_design with -debug_log to get more detail. 

Phase 4 Sweep
Phase 4 Sweep | Checksum: 82f306ef

Time (s): cpu = 00:00:03 ; elapsed = 00:04:15 . Memory (MB): peak = 3274.863 ; gain = 19.898
INFO: [Opt 31-389] Phase Sweep created 0 cells and removed 54 cells
INFO: [Opt 31-1021] In phase Sweep, 1210 netlist objects are constrained preventing optimization. Please run opt_design with -debug_log to get more detail. 

Phase 5 BUFG optimization
INFO: [Opt 31-1077] Phase BUFG optimization inserted 0 global clock buffer(s) for CLOCK_LOW_FANOUT.
Phase 5 BUFG optimization | Checksum: 82f306ef

Time (s): cpu = 00:00:04 ; elapsed = 00:04:15 . Memory (MB): peak = 3274.863 ; gain = 19.898
INFO: [Opt 31-662] Phase BUFG optimization created 0 cells of which 0 are BUFGs and removed 0 cells.

Phase 6 Shift Register Optimization
INFO: [Opt 31-1064] SRL Remap converted 0 SRLs to 0 registers and converted 0 registers of register chains to 0 SRLs
Phase 6 Shift Register Optimization | Checksum: e94ded68

Time (s): cpu = 00:00:04 ; elapsed = 00:04:16 . Memory (MB): peak = 3274.863 ; gain = 19.898
INFO: [Opt 31-389] Phase Shift Register Optimization created 0 cells and removed 0 cells

Phase 7 Post Processing Netlist
Phase 7 Post Processing Netlist | Checksum: e94ded68

Time (s): cpu = 00:00:04 ; elapsed = 00:04:16 . Memory (MB): peak = 3274.863 ; gain = 19.898
INFO: [Opt 31-389] Phase Post Processing Netlist created 0 cells and removed 0 cells
INFO: [Opt 31-1021] In phase Post Processing Netlist, 61 netlist objects are constrained preventing optimization. Please run opt_design with -debug_log to get more detail. 
Opt_design Change Summary
=========================


-------------------------------------------------------------------------------------------------------------------------
|  Phase                        |  #Cells created  |  #Cells Removed  |  #Constrained objects preventing optimizations  |
-------------------------------------------------------------------------------------------------------------------------
|  Retarget                     |               6  |             281  |                                             69  |
|  Constant propagation         |               0  |              16  |                                             53  |
|  Sweep                        |               0  |              54  |                                           1210  |
|  BUFG optimization            |               0  |               0  |                                              0  |
|  Shift Register Optimization  |               0  |               0  |                                              0  |
|  Post Processing Netlist      |               0  |               0  |                                             61  |
-------------------------------------------------------------------------------------------------------------------------



Starting Connectivity Check Task

Time (s): cpu = 00:00:00 ; elapsed = 00:00:00.016 . Memory (MB): peak = 3274.863 ; gain = 0.000
Ending Logic Optimization Task | Checksum: e94ded68

Time (s): cpu = 00:00:04 ; elapsed = 00:04:16 . Memory (MB): peak = 3274.863 ; gain = 19.898

Starting Power Optimization Task
INFO: [Pwropt 34-132] Skipping clock gating for clocks with a period < 2.00 ns.
INFO: [Pwropt 34-9] Applying IDT optimizations ...
INFO: [Pwropt 34-10] Applying ODC optimizations ...
INFO: [Timing 38-35] Done setting XDC timing constraints.
Running Vector-less Activity Propagation...

Finished Running Vector-less Activity Propagation


Starting PowerOpt Patch Enables Task
INFO: [Pwropt 34-162] WRITE_MODE attribute of 0 BRAM(s) out of a total of 1 has been updated to save power. Run report_power_opt to get a complete listing of the BRAMs updated.
INFO: [Pwropt 34-201] Structural ODC has moved 0 WE to EN ports
Number of BRAM Ports augmented: 1 newly gated: 0 Total Ports: 2
Ending PowerOpt Patch Enables Task | Checksum: e64288fe

Time (s): cpu = 00:00:00 ; elapsed = 00:00:00.065 . Memory (MB): peak = 3820.008 ; gain = 0.000
Ending Power Optimization Task | Checksum: e64288fe

Time (s): cpu = 00:00:21 ; elapsed = 00:00:22 . Memory (MB): peak = 3820.008 ; gain = 545.145

Starting Final Cleanup Task
Ending Final Cleanup Task | Checksum: e64288fe

Time (s): cpu = 00:00:00 ; elapsed = 00:00:00.001 . Memory (MB): peak = 3820.008 ; gain = 0.000

Starting Netlist Obfuscation Task
Netlist sorting complete. Time (s): cpu = 00:00:00 ; elapsed = 00:00:00.005 . Memory (MB): peak = 3820.008 ; gain = 0.000
Ending Netlist Obfuscation Task | Checksum: 14c03b5e9

Time (s): cpu = 00:00:00 ; elapsed = 00:00:00.007 . Memory (MB): peak = 3820.008 ; gain = 0.000
INFO: [Common 17-83] Releasing license: Implementation
47 Infos, 3 Warnings, 3 Critical Warnings and 0 Errors encountered.
opt_design completed successfully
opt_design: Time (s): cpu = 00:00:41 ; elapsed = 00:04:53 . Memory (MB): peak = 3820.008 ; gain = 1210.805
INFO: [runtcl-4] Executing : report_drc -file design_1_wrapper_drc_opted.rpt -pb design_1_wrapper_drc_opted.pb -rpx design_1_wrapper_drc_opted.rpx
Command: report_drc -file design_1_wrapper_drc_opted.rpt -pb design_1_wrapper_drc_opted.pb -rpx design_1_wrapper_drc_opted.rpx
INFO: [IP_Flow 19-1839] IP Catalog is up to date.
INFO: [Timing 38-35] Done setting XDC timing constraints.
INFO: [DRC 23-27] Running DRC with 2 threads
INFO: [Vivado_Tcl 2-168] The results of DRC are in file C:/Users/rlaqj/Project/DSD/Lab/Lab01/Vivado/Vivado.runs/impl_1/design_1_wrapper_drc_opted.rpt.
report_drc completed successfully
report_drc: Time (s): cpu = 00:00:49 ; elapsed = 00:00:51 . Memory (MB): peak = 4729.074 ; gain = 909.066
INFO: [Timing 38-480] Writing timing data to binary archive.
INFO: [Common 17-1381] The checkpoint 'C:/Users/rlaqj/Project/DSD/Lab/Lab01/Vivado/Vivado.runs/impl_1/design_1_wrapper_opt.dcp' has been generated.
INFO: [Chipscope 16-240] Debug cores have already been implemented
Command: place_design
Attempting to get a license for feature 'Implementation' and/or device 'xck26'
INFO: [Common 17-349] Got license for feature 'Implementation' and/or device 'xck26'
INFO: [DRC 23-27] Running DRC with 2 threads
INFO: [Vivado_Tcl 4-198] DRC finished with 0 Errors
INFO: [Vivado_Tcl 4-199] Please refer to the DRC report (report_drc) for more information.
Running DRC as a precondition to command place_design
INFO: [DRC 23-27] Running DRC with 2 threads
INFO: [Vivado_Tcl 4-198] DRC finished with 0 Errors
INFO: [Vivado_Tcl 4-199] Please refer to the DRC report (report_drc) for more information.

Starting Placer Task
INFO: [Place 30-611] Multithreading enabled for place_design using a maximum of 2 CPUs

Phase 1 Placer Initialization

Phase 1.1 Placer Initialization Netlist Sorting
Netlist sorting complete. Time (s): cpu = 00:00:00 ; elapsed = 00:00:00.004 . Memory (MB): peak = 4729.074 ; gain = 0.000
Phase 1.1 Placer Initialization Netlist Sorting | Checksum: aec89242

Time (s): cpu = 00:00:00 ; elapsed = 00:00:00.039 . Memory (MB): peak = 4729.074 ; gain = 0.000
Netlist sorting complete. Time (s): cpu = 00:00:00 ; elapsed = 00:00:00.004 . Memory (MB): peak = 4729.074 ; gain = 0.000

Phase 1.2 IO Placement/ Clock Placement/ Build Placer Device
Phase 1.2 IO Placement/ Clock Placement/ Build Placer Device | Checksum: db5d22ea

Time (s): cpu = 00:00:01 ; elapsed = 00:00:01 . Memory (MB): peak = 4729.074 ; gain = 0.000

Phase 1.3 Build Placer Netlist Model
Phase 1.3 Build Placer Netlist Model | Checksum: 169ca58e2

Time (s): cpu = 00:00:04 ; elapsed = 00:00:04 . Memory (MB): peak = 4729.074 ; gain = 0.000

Phase 1.4 Constrain Clocks/Macros
Phase 1.4 Constrain Clocks/Macros | Checksum: 169ca58e2

Time (s): cpu = 00:00:04 ; elapsed = 00:00:04 . Memory (MB): peak = 4729.074 ; gain = 0.000
Phase 1 Placer Initialization | Checksum: 169ca58e2

Time (s): cpu = 00:00:04 ; elapsed = 00:00:04 . Memory (MB): peak = 4729.074 ; gain = 0.000

Phase 2 Global Placement

Phase 2.1 Floorplanning

Phase 2.1.1 Partition Driven Placement

Phase 2.1.1.1 PBP: Partition Driven Placement
Phase 2.1.1.1 PBP: Partition Driven Placement | Checksum: 1a439dbf1

Time (s): cpu = 00:00:06 ; elapsed = 00:00:05 . Memory (MB): peak = 4729.074 ; gain = 0.000

Phase 2.1.1.2 PBP: Clock Region Placement
INFO: [Place 30-3162] Check ILP status : ILP-based clock placer completed successfully.
Phase 2.1.1.2 PBP: Clock Region Placement | Checksum: 1334221d6

Time (s): cpu = 00:00:06 ; elapsed = 00:00:05 . Memory (MB): peak = 4729.074 ; gain = 0.000

Phase 2.1.1.3 PBP: Compute Congestion
Phase 2.1.1.3 PBP: Compute Congestion | Checksum: 1334221d6

Time (s): cpu = 00:00:26 ; elapsed = 00:00:16 . Memory (MB): peak = 4729.074 ; gain = 0.000

Phase 2.1.1.4 PBP: UpdateTiming
Phase 2.1.1.4 PBP: UpdateTiming | Checksum: 1b101d773

Time (s): cpu = 00:00:26 ; elapsed = 00:00:17 . Memory (MB): peak = 4729.074 ; gain = 0.000

Phase 2.1.1.5 PBP: Add part constraints
Phase 2.1.1.5 PBP: Add part constraints | Checksum: 1b101d773

Time (s): cpu = 00:00:26 ; elapsed = 00:00:17 . Memory (MB): peak = 4729.074 ; gain = 0.000
Phase 2.1.1 Partition Driven Placement | Checksum: 1b101d773

Time (s): cpu = 00:00:26 ; elapsed = 00:00:17 . Memory (MB): peak = 4729.074 ; gain = 0.000
Phase 2.1 Floorplanning | Checksum: 140348cc6

Time (s): cpu = 00:00:26 ; elapsed = 00:00:17 . Memory (MB): peak = 4729.074 ; gain = 0.000

Phase 2.2 Update Timing before SLR Path Opt
Phase 2.2 Update Timing before SLR Path Opt | Checksum: 140348cc6

Time (s): cpu = 00:00:26 ; elapsed = 00:00:17 . Memory (MB): peak = 4729.074 ; gain = 0.000

Phase 2.3 Post-Processing in Floorplanning
Phase 2.3 Post-Processing in Floorplanning | Checksum: 140348cc6

Time (s): cpu = 00:00:26 ; elapsed = 00:00:17 . Memory (MB): peak = 4729.074 ; gain = 0.000

Phase 2.4 Global Placement Core

Phase 2.4.1 UpdateTiming Before Physical Synthesis
Phase 2.4.1 UpdateTiming Before Physical Synthesis | Checksum: 125b2d2e8

Time (s): cpu = 00:01:21 ; elapsed = 00:00:49 . Memory (MB): peak = 4729.074 ; gain = 0.000

Phase 2.4.2 Physical Synthesis In Placer
INFO: [Physopt 32-1035] Found 0 LUTNM shape to break, 118 LUT instances to create LUTNM shape
INFO: [Physopt 32-1044] Break lutnm for timing: one critical 0, two critical 0, total 0, new lutff created 0
INFO: [Physopt 32-1138] End 1 Pass. Optimized 56 nets or LUTs. Breaked 0 LUT, combined 56 existing LUTs and moved 0 existing LUT
INFO: [Physopt 32-69] No nets found for rewiring optimization.
INFO: [Physopt 32-661] Optimized 0 net.  Re-placed 0 instance.
INFO: [Physopt 32-775] End 1 Pass. Optimized 0 net or cell. Created 0 new cell, deleted 0 existing cell and moved 0 existing cell
INFO: [Physopt 32-65] No nets found for high-fanout optimization.
INFO: [Physopt 32-232] Optimized 0 net. Created 0 new instance.
INFO: [Physopt 32-775] End 1 Pass. Optimized 0 net or cell. Created 0 new cell, deleted 0 existing cell and moved 0 existing cell
INFO: [Physopt 32-670] No setup violation found.  DSP Register Optimization was not performed.
INFO: [Physopt 32-670] No setup violation found.  Shift Register to Pipeline Optimization was not performed.
INFO: [Physopt 32-670] No setup violation found.  Shift Register Optimization was not performed.
INFO: [Physopt 32-670] No setup violation found.  BRAM Register Optimization was not performed.
INFO: [Physopt 32-670] No setup violation found.  URAM Register Optimization was not performed.
INFO: [Physopt 32-949] No candidate nets found for dynamic/static region interface net replication
INFO: [Physopt 32-775] End 1 Pass. Optimized 0 net or cell. Created 0 new cell, deleted 0 existing cell and moved 0 existing cell
Netlist sorting complete. Time (s): cpu = 00:00:00 ; elapsed = 00:00:00.004 . Memory (MB): peak = 4729.074 ; gain = 0.000

Summary of Physical Synthesis Optimizations
============================================


-----------------------------------------------------------------------------------------------------------------------------------------------------------
|  Optimization                                     |  Added Cells  |  Removed Cells  |  Optimized Cells/Nets  |  Dont Touch  |  Iterations  |  Elapsed   |
-----------------------------------------------------------------------------------------------------------------------------------------------------------
|  LUT Combining                                    |            0  |             56  |                    56  |           0  |           1  |  00:00:00  |
|  Retime                                           |            0  |              0  |                     0  |           0  |           1  |  00:00:00  |
|  Equivalent Driver Rewiring                       |            0  |              0  |                     0  |           0  |           1  |  00:00:00  |
|  Very High Fanout                                 |            0  |              0  |                     0  |           0  |           1  |  00:00:00  |
|  DSP Register                                     |            0  |              0  |                     0  |           0  |           0  |  00:00:00  |
|  Shift Register to Pipeline                       |            0  |              0  |                     0  |           0  |           0  |  00:00:00  |
|  Shift Register                                   |            0  |              0  |                     0  |           0  |           0  |  00:00:00  |
|  BRAM Register                                    |            0  |              0  |                     0  |           0  |           0  |  00:00:00  |
|  URAM Register                                    |            0  |              0  |                     0  |           0  |           0  |  00:00:00  |
|  Dynamic/Static Region Interface Net Replication  |            0  |              0  |                     0  |           0  |           1  |  00:00:00  |
|  Total                                            |            0  |             56  |                    56  |           0  |           5  |  00:00:00  |
-----------------------------------------------------------------------------------------------------------------------------------------------------------


Phase 2.4.2 Physical Synthesis In Placer | Checksum: 19ebe1b58

Time (s): cpu = 00:01:22 ; elapsed = 00:00:49 . Memory (MB): peak = 4729.074 ; gain = 0.000
Phase 2.4 Global Placement Core | Checksum: e893bcee

Time (s): cpu = 00:01:42 ; elapsed = 00:01:00 . Memory (MB): peak = 4729.074 ; gain = 0.000
Phase 2 Global Placement | Checksum: e893bcee

Time (s): cpu = 00:01:43 ; elapsed = 00:01:00 . Memory (MB): peak = 4729.074 ; gain = 0.000

Phase 3 Detail Placement

Phase 3.1 Commit Multi Column Macros
Phase 3.1 Commit Multi Column Macros | Checksum: e0dbb450

Time (s): cpu = 00:02:03 ; elapsed = 00:01:12 . Memory (MB): peak = 4729.074 ; gain = 0.000

Phase 3.2 Commit Most Macros & LUTRAMs
Phase 3.2 Commit Most Macros & LUTRAMs | Checksum: a0223f70

Time (s): cpu = 00:02:04 ; elapsed = 00:01:12 . Memory (MB): peak = 4729.074 ; gain = 0.000

Phase 3.3 Small Shape DP

Phase 3.3.1 Small Shape Clustering
Phase 3.3.1 Small Shape Clustering | Checksum: 10bed2709

Time (s): cpu = 00:02:44 ; elapsed = 00:01:34 . Memory (MB): peak = 4729.074 ; gain = 0.000

Phase 3.3.2 Flow Legalize Slice Clusters
Phase 3.3.2 Flow Legalize Slice Clusters | Checksum: 60ce1535

Time (s): cpu = 00:03:04 ; elapsed = 00:01:45 . Memory (MB): peak = 4729.074 ; gain = 0.000

Phase 3.3.3 Slice Area Swap

Phase 3.3.3.1 Slice Area Swap Initial
Phase 3.3.3.1 Slice Area Swap Initial | Checksum: 1483c531c

Time (s): cpu = 00:03:04 ; elapsed = 00:01:45 . Memory (MB): peak = 4729.074 ; gain = 0.000
Phase 3.3.3 Slice Area Swap | Checksum: 1483c531c

Time (s): cpu = 00:03:04 ; elapsed = 00:01:45 . Memory (MB): peak = 4729.074 ; gain = 0.000
Phase 3.3 Small Shape DP | Checksum: a88e98a2

Time (s): cpu = 00:03:45 ; elapsed = 00:02:07 . Memory (MB): peak = 4729.074 ; gain = 0.000

Phase 3.4 Re-assign LUT pins
Phase 3.4 Re-assign LUT pins | Checksum: 6d353273

Time (s): cpu = 00:03:46 ; elapsed = 00:02:08 . Memory (MB): peak = 4729.074 ; gain = 0.000

Phase 3.5 Pipeline Register Optimization
Phase 3.5 Pipeline Register Optimization | Checksum: 9e55abf3

Time (s): cpu = 00:03:46 ; elapsed = 00:02:08 . Memory (MB): peak = 4729.074 ; gain = 0.000
Phase 3 Detail Placement | Checksum: 9e55abf3

Time (s): cpu = 00:03:46 ; elapsed = 00:02:08 . Memory (MB): peak = 4729.074 ; gain = 0.000

Phase 4 Post Placement Optimization and Clean-Up

Phase 4.1 Post Commit Optimization
INFO: [Timing 38-35] Done setting XDC timing constraints.

Phase 4.1.1 Post Placement Optimization
Post Placement Optimization Initialization | Checksum: cadee8ca

Phase 4.1.1.1 BUFG Insertion

Starting Physical Synthesis Task

Phase 1 Physical Synthesis Initialization
INFO: [Physopt 32-721] Multithreading enabled for phys_opt_design using a maximum of 2 CPUs
INFO: [Physopt 32-619] Estimated Timing Summary | WNS=6.783 | TNS=0.000 |
Phase 1 Physical Synthesis Initialization | Checksum: 13a77223e

Time (s): cpu = 00:00:00 ; elapsed = 00:00:00.212 . Memory (MB): peak = 4729.074 ; gain = 0.000
INFO: [Place 46-56] BUFG insertion identified 0 candidate nets. Inserted BUFG: 0, Replicated BUFG Driver: 0, Skipped due to Placement/Routing Conflicts: 0, Skipped due to Timing Degradation: 0, Skipped due to netlist editing failed: 0.
Ending Physical Synthesis Task | Checksum: 13a77223e

Time (s): cpu = 00:00:00 ; elapsed = 00:00:00.310 . Memory (MB): peak = 4729.074 ; gain = 0.000
Phase 4.1.1.1 BUFG Insertion | Checksum: cadee8ca

Time (s): cpu = 00:04:09 ; elapsed = 00:02:21 . Memory (MB): peak = 4729.074 ; gain = 0.000

Phase 4.1.1.2 Post Placement Timing Optimization
INFO: [Place 30-746] Post Placement Timing Summary WNS=6.783. For the most accurate timing information please run report_timing.
Phase 4.1.1.2 Post Placement Timing Optimization | Checksum: b8158b43

Time (s): cpu = 00:04:09 ; elapsed = 00:02:21 . Memory (MB): peak = 4729.074 ; gain = 0.000

Time (s): cpu = 00:04:09 ; elapsed = 00:02:21 . Memory (MB): peak = 4729.074 ; gain = 0.000
Phase 4.1 Post Commit Optimization | Checksum: b8158b43

Time (s): cpu = 00:04:09 ; elapsed = 00:02:21 . Memory (MB): peak = 4729.074 ; gain = 0.000
Netlist sorting complete. Time (s): cpu = 00:00:00 ; elapsed = 00:00:00.004 . Memory (MB): peak = 4729.074 ; gain = 0.000

Phase 4.2 Post Placement Cleanup
Phase 4.2 Post Placement Cleanup | Checksum: 15652cf48

Time (s): cpu = 00:04:34 ; elapsed = 00:02:37 . Memory (MB): peak = 4729.074 ; gain = 0.000

Phase 4.3 Placer Reporting

Phase 4.3.1 Print Estimated Congestion
INFO: [Place 30-612] Post-Placement Estimated Congestion 
 ________________________________________________________________________
|           | Global Congestion | Long Congestion   | Short Congestion  |
| Direction | Region Size       | Region Size       | Region Size       |
|___________|___________________|___________________|___________________|
|      North|                1x1|                1x1|                1x1|
|___________|___________________|___________________|___________________|
|      South|                1x1|                1x1|                1x1|
|___________|___________________|___________________|___________________|
|       East|                1x1|                1x1|                1x1|
|___________|___________________|___________________|___________________|
|       West|                1x1|                1x1|                1x1|
|___________|___________________|___________________|___________________|

Phase 4.3.1 Print Estimated Congestion | Checksum: 15652cf48

Time (s): cpu = 00:04:34 ; elapsed = 00:02:37 . Memory (MB): peak = 4729.074 ; gain = 0.000
Phase 4.3 Placer Reporting | Checksum: 15652cf48

Time (s): cpu = 00:04:34 ; elapsed = 00:02:37 . Memory (MB): peak = 4729.074 ; gain = 0.000

Phase 4.4 Final Placement Cleanup
Netlist sorting complete. Time (s): cpu = 00:00:00 ; elapsed = 00:00:00.004 . Memory (MB): peak = 4729.074 ; gain = 0.000

Time (s): cpu = 00:04:34 ; elapsed = 00:02:37 . Memory (MB): peak = 4729.074 ; gain = 0.000
Phase 4 Post Placement Optimization and Clean-Up | Checksum: 191081e2d

Time (s): cpu = 00:04:34 ; elapsed = 00:02:37 . Memory (MB): peak = 4729.074 ; gain = 0.000
Ending Placer Task | Checksum: 1762e9181

Time (s): cpu = 00:04:34 ; elapsed = 00:02:37 . Memory (MB): peak = 4729.074 ; gain = 0.000
INFO: [Common 17-83] Releasing license: Implementation
87 Infos, 3 Warnings, 3 Critical Warnings and 0 Errors encountered.
place_design completed successfully
place_design: Time (s): cpu = 00:04:41 ; elapsed = 00:02:41 . Memory (MB): peak = 4729.074 ; gain = 0.000
INFO: [runtcl-4] Executing : report_io -file design_1_wrapper_io_placed.rpt
report_io: Time (s): cpu = 00:00:00 ; elapsed = 00:00:00.201 . Memory (MB): peak = 4729.074 ; gain = 0.000
INFO: [runtcl-4] Executing : report_utilization -file design_1_wrapper_utilization_placed.rpt -pb design_1_wrapper_utilization_placed.pb
INFO: [runtcl-4] Executing : report_control_sets -verbose -file design_1_wrapper_control_sets_placed.rpt
report_control_sets: Time (s): cpu = 00:00:00 ; elapsed = 00:00:00.035 . Memory (MB): peak = 4729.074 ; gain = 0.000
INFO: [Timing 38-480] Writing timing data to binary archive.
Writing XDEF routing.
Writing XDEF routing logical nets.
Writing XDEF routing special nets.
Write XDEF Complete: Time (s): cpu = 00:00:02 ; elapsed = 00:00:00.855 . Memory (MB): peak = 4729.074 ; gain = 0.000
INFO: [Common 17-1381] The checkpoint 'C:/Users/rlaqj/Project/DSD/Lab/Lab01/Vivado/Vivado.runs/impl_1/design_1_wrapper_placed.dcp' has been generated.
Command: phys_opt_design
Attempting to get a license for feature 'Implementation' and/or device 'xck26'
INFO: [Common 17-349] Got license for feature 'Implementation' and/or device 'xck26'

Starting Initial Update Timing Task

Time (s): cpu = 00:00:02 ; elapsed = 00:00:01 . Memory (MB): peak = 4729.074 ; gain = 0.000
INFO: [Vivado_Tcl 4-383] Design worst setup slack (WNS) is greater than or equal to 0.000 ns. Skipping all physical synthesis optimizations.
INFO: [Vivado_Tcl 4-232] No setup violation found. The netlist was not modified.
INFO: [Common 17-83] Releasing license: Implementation
96 Infos, 3 Warnings, 3 Critical Warnings and 0 Errors encountered.
phys_opt_design completed successfully
INFO: [Timing 38-480] Writing timing data to binary archive.
Writing XDEF routing.
Writing XDEF routing logical nets.
Writing XDEF routing special nets.
Write XDEF Complete: Time (s): cpu = 00:00:03 ; elapsed = 00:00:00.860 . Memory (MB): peak = 4740.328 ; gain = 11.254
INFO: [Common 17-1381] The checkpoint 'C:/Users/rlaqj/Project/DSD/Lab/Lab01/Vivado/Vivado.runs/impl_1/design_1_wrapper_physopt.dcp' has been generated.
Command: route_design
Attempting to get a license for feature 'Implementation' and/or device 'xck26'
INFO: [Common 17-349] Got license for feature 'Implementation' and/or device 'xck26'
Running DRC as a precondition to command route_design
INFO: [DRC 23-27] Running DRC with 2 threads
INFO: [Vivado_Tcl 4-198] DRC finished with 0 Errors
INFO: [Vivado_Tcl 4-199] Please refer to the DRC report (report_drc) for more information.


Starting Routing Task
INFO: [Route 35-254] Multithreading enabled for route_design using a maximum of 2 CPUs

Phase 1 Build RT Design
Checksum: PlaceDB: 12848a59 ConstDB: 0 ShapeSum: c56cc323 RouteDB: 9e3d4405
Nodegraph reading from file.  Time (s): cpu = 00:00:02 ; elapsed = 00:00:02 . Memory (MB): peak = 4748.055 ; gain = 0.000
Post Restoration Checksum: NetGraph: d48e9ab6 | NumContArr: de91f321 | Constraints: c177ce80 | Timing: 0
Phase 1 Build RT Design | Checksum: 274985c57

Time (s): cpu = 00:00:09 ; elapsed = 00:00:08 . Memory (MB): peak = 4748.055 ; gain = 0.000

Phase 2 Router Initialization

Phase 2.1 Fix Topology Constraints
Phase 2.1 Fix Topology Constraints | Checksum: 274985c57

Time (s): cpu = 00:00:09 ; elapsed = 00:00:08 . Memory (MB): peak = 4748.055 ; gain = 0.000

Phase 2.2 Pre Route Cleanup
Phase 2.2 Pre Route Cleanup | Checksum: 274985c57

Time (s): cpu = 00:00:09 ; elapsed = 00:00:08 . Memory (MB): peak = 4748.055 ; gain = 0.000

Phase 2.3 Global Clock Net Routing
 Number of Nodes with overlaps = 0
Phase 2.3 Global Clock Net Routing | Checksum: 209615e23

Time (s): cpu = 00:00:11 ; elapsed = 00:00:10 . Memory (MB): peak = 4748.055 ; gain = 0.000

Phase 2.4 Update Timing
Phase 2.4 Update Timing | Checksum: 1fa465d54

Time (s): cpu = 00:00:14 ; elapsed = 00:00:12 . Memory (MB): peak = 4751.520 ; gain = 3.465
INFO: [Route 35-416] Intermediate Timing Summary | WNS=6.963  | TNS=0.000  | WHS=-0.047 | THS=-2.227 |


Phase 2.5 Update Timing for Bus Skew

Phase 2.5.1 Update Timing
Phase 2.5.1 Update Timing | Checksum: 183e13a19

Time (s): cpu = 00:00:17 ; elapsed = 00:00:14 . Memory (MB): peak = 4751.520 ; gain = 3.465
INFO: [Route 35-416] Intermediate Timing Summary | WNS=6.963  | TNS=0.000  | WHS=N/A    | THS=N/A    |

Phase 2.5 Update Timing for Bus Skew | Checksum: 20c9e82aa

Time (s): cpu = 00:00:17 ; elapsed = 00:00:14 . Memory (MB): peak = 4751.520 ; gain = 3.465

Router Utilization Summary
  Global Vertical Routing Utilization    = 0.00128045 %
  Global Horizontal Routing Utilization  = 0.00084957 %
  Routable Net Status*
  *Does not include unroutable nets such as driverless and loadless.
  Run report_route_status for detailed report.
  Number of Failed Nets               = 3086
    (Failed Nets is the sum of unrouted and partially routed nets)
  Number of Unrouted Nets             = 2627
  Number of Partially Routed Nets     = 459
  Number of Node Overlaps             = 0

Phase 2 Router Initialization | Checksum: 20c0070e3

Time (s): cpu = 00:00:18 ; elapsed = 00:00:15 . Memory (MB): peak = 4751.520 ; gain = 3.465

Phase 3 Initial Routing

Phase 3.1 Global Routing
Phase 3.1 Global Routing | Checksum: 20c0070e3

Time (s): cpu = 00:00:18 ; elapsed = 00:00:15 . Memory (MB): peak = 4751.520 ; gain = 3.465
Phase 3 Initial Routing | Checksum: 1c06b6e29

Time (s): cpu = 00:00:21 ; elapsed = 00:00:17 . Memory (MB): peak = 4751.520 ; gain = 3.465

Phase 4 Rip-up And Reroute

Phase 4.1 Global Iteration 0
 Number of Nodes with overlaps = 474
 Number of Nodes with overlaps = 31
 Number of Nodes with overlaps = 3
 Number of Nodes with overlaps = 0
INFO: [Route 35-416] Intermediate Timing Summary | WNS=5.992  | TNS=0.000  | WHS=0.009  | THS=0.000  |

Phase 4.1 Global Iteration 0 | Checksum: 238baab8f

Time (s): cpu = 00:00:30 ; elapsed = 00:00:22 . Memory (MB): peak = 4751.520 ; gain = 3.465

Phase 4.2 Additional Iteration for Hold
Phase 4.2 Additional Iteration for Hold | Checksum: 1b9448d7b

Time (s): cpu = 00:00:30 ; elapsed = 00:00:22 . Memory (MB): peak = 4751.520 ; gain = 3.465
Phase 4 Rip-up And Reroute | Checksum: 1b9448d7b

Time (s): cpu = 00:00:30 ; elapsed = 00:00:22 . Memory (MB): peak = 4751.520 ; gain = 3.465

Phase 5 Delay and Skew Optimization

Phase 5.1 Delay CleanUp
Phase 5.1 Delay CleanUp | Checksum: 1fe47324b

Time (s): cpu = 00:00:30 ; elapsed = 00:00:22 . Memory (MB): peak = 4751.520 ; gain = 3.465

Phase 5.2 Clock Skew Optimization
Phase 5.2 Clock Skew Optimization | Checksum: 1fe47324b

Time (s): cpu = 00:00:30 ; elapsed = 00:00:22 . Memory (MB): peak = 4751.520 ; gain = 3.465
Phase 5 Delay and Skew Optimization | Checksum: 1fe47324b

Time (s): cpu = 00:00:30 ; elapsed = 00:00:23 . Memory (MB): peak = 4751.520 ; gain = 3.465

Phase 6 Post Hold Fix

Phase 6.1 Hold Fix Iter

Phase 6.1.1 Update Timing
Phase 6.1.1 Update Timing | Checksum: 286b205ad

Time (s): cpu = 00:00:31 ; elapsed = 00:00:23 . Memory (MB): peak = 4751.520 ; gain = 3.465
INFO: [Route 35-416] Intermediate Timing Summary | WNS=5.992  | TNS=0.000  | WHS=0.009  | THS=0.000  |

Phase 6.1 Hold Fix Iter | Checksum: 2ce548bcd

Time (s): cpu = 00:00:31 ; elapsed = 00:00:23 . Memory (MB): peak = 4751.520 ; gain = 3.465
Phase 6 Post Hold Fix | Checksum: 2ce548bcd

Time (s): cpu = 00:00:31 ; elapsed = 00:00:23 . Memory (MB): peak = 4751.520 ; gain = 3.465

Phase 7 Route finalize

Router Utilization Summary
  Global Vertical Routing Utilization    = 0.142633 %
  Global Horizontal Routing Utilization  = 0.232168 %
  Routable Net Status*
  *Does not include unroutable nets such as driverless and loadless.
  Run report_route_status for detailed report.
  Number of Failed Nets               = 0
    (Failed Nets is the sum of unrouted and partially routed nets)
  Number of Unrouted Nets             = 0
  Number of Partially Routed Nets     = 0
  Number of Node Overlaps             = 0

Phase 7 Route finalize | Checksum: 2283910c5

Time (s): cpu = 00:00:32 ; elapsed = 00:00:24 . Memory (MB): peak = 4751.520 ; gain = 3.465

Phase 8 Verifying routed nets

 Verification completed successfully
Phase 8 Verifying routed nets | Checksum: 2283910c5

Time (s): cpu = 00:00:32 ; elapsed = 00:00:24 . Memory (MB): peak = 4751.520 ; gain = 3.465

Phase 9 Depositing Routes
Phase 9 Depositing Routes | Checksum: 2283910c5

Time (s): cpu = 00:00:32 ; elapsed = 00:00:24 . Memory (MB): peak = 4751.520 ; gain = 3.465

Phase 10 Resolve XTalk
Phase 10 Resolve XTalk | Checksum: 2283910c5

Time (s): cpu = 00:00:32 ; elapsed = 00:00:24 . Memory (MB): peak = 4751.520 ; gain = 3.465

Phase 11 Post Router Timing
INFO: [Route 35-57] Estimated Timing Summary | WNS=5.992  | TNS=0.000  | WHS=0.009  | THS=0.000  |

INFO: [Route 35-327] The final timing numbers are based on the router estimated timing analysis. For a complete and accurate timing signoff, please run report_timing_summary.
Phase 11 Post Router Timing | Checksum: 2283910c5

Time (s): cpu = 00:00:33 ; elapsed = 00:00:24 . Memory (MB): peak = 4751.520 ; gain = 3.465
INFO: [Route 35-16] Router Completed Successfully

Phase 12 Post-Route Event Processing
Phase 12 Post-Route Event Processing | Checksum: 1b03abfda

Time (s): cpu = 00:00:33 ; elapsed = 00:00:25 . Memory (MB): peak = 4751.520 ; gain = 3.465

Time (s): cpu = 00:00:33 ; elapsed = 00:00:25 . Memory (MB): peak = 4751.520 ; gain = 3.465

Routing Is Done.
INFO: [Common 17-83] Releasing license: Implementation
111 Infos, 3 Warnings, 3 Critical Warnings and 0 Errors encountered.
route_design completed successfully
route_design: Time (s): cpu = 00:00:39 ; elapsed = 00:00:29 . Memory (MB): peak = 4751.520 ; gain = 11.191
INFO: [runtcl-4] Executing : report_drc -file design_1_wrapper_drc_routed.rpt -pb design_1_wrapper_drc_routed.pb -rpx design_1_wrapper_drc_routed.rpx
Command: report_drc -file design_1_wrapper_drc_routed.rpt -pb design_1_wrapper_drc_routed.pb -rpx design_1_wrapper_drc_routed.rpx
INFO: [IP_Flow 19-1839] IP Catalog is up to date.
INFO: [DRC 23-27] Running DRC with 2 threads
INFO: [Vivado_Tcl 2-168] The results of DRC are in file C:/Users/rlaqj/Project/DSD/Lab/Lab01/Vivado/Vivado.runs/impl_1/design_1_wrapper_drc_routed.rpt.
report_drc completed successfully
report_drc: Time (s): cpu = 00:00:10 ; elapsed = 00:00:06 . Memory (MB): peak = 4757.898 ; gain = 6.379
INFO: [runtcl-4] Executing : report_methodology -file design_1_wrapper_methodology_drc_routed.rpt -pb design_1_wrapper_methodology_drc_routed.pb -rpx design_1_wrapper_methodology_drc_routed.rpx
Command: report_methodology -file design_1_wrapper_methodology_drc_routed.rpt -pb design_1_wrapper_methodology_drc_routed.pb -rpx design_1_wrapper_methodology_drc_routed.rpx
INFO: [Timing 38-35] Done setting XDC timing constraints.
INFO: [DRC 23-133] Running Methodology with 2 threads
INFO: [Vivado_Tcl 2-1520] The results of Report Methodology are in file C:/Users/rlaqj/Project/DSD/Lab/Lab01/Vivado/Vivado.runs/impl_1/design_1_wrapper_methodology_drc_routed.rpt.
report_methodology completed successfully
INFO: [runtcl-4] Executing : report_power -file design_1_wrapper_power_routed.rpt -pb design_1_wrapper_power_summary_routed.pb -rpx design_1_wrapper_power_routed.rpx
Command: report_power -file design_1_wrapper_power_routed.rpt -pb design_1_wrapper_power_summary_routed.pb -rpx design_1_wrapper_power_routed.rpx
INFO: [Timing 38-35] Done setting XDC timing constraints.
Running Vector-less Activity Propagation...

Finished Running Vector-less Activity Propagation
121 Infos, 3 Warnings, 3 Critical Warnings and 0 Errors encountered.
report_power completed successfully
report_power: Time (s): cpu = 00:00:15 ; elapsed = 00:00:14 . Memory (MB): peak = 4757.898 ; gain = 0.000
INFO: [runtcl-4] Executing : report_route_status -file design_1_wrapper_route_status.rpt -pb design_1_wrapper_route_status.pb
INFO: [runtcl-4] Executing : report_timing_summary -max_paths 10 -report_unconstrained -file design_1_wrapper_timing_summary_routed.rpt -pb design_1_wrapper_timing_summary_routed.pb -rpx design_1_wrapper_timing_summary_routed.rpx -warn_on_violation 
INFO: [Timing 38-91] UpdateTimingParams: Speed grade: -2LV, Temperature grade: C, Delay Type: min_max.
INFO: [Timing 38-191] Multithreading enabled for timing update using a maximum of 2 CPUs
WARNING: [Timing 38-436] There are set_bus_skew constraint(s) in this design. Please run report_bus_skew to ensure that bus skew requirements are met.
INFO: [runtcl-4] Executing : report_incremental_reuse -file design_1_wrapper_incremental_reuse_routed.rpt
INFO: [Vivado_Tcl 4-1062] Incremental flow is disabled. No incremental reuse Info to report.
INFO: [runtcl-4] Executing : report_clock_utilization -file design_1_wrapper_clock_utilization_routed.rpt
report_clock_utilization: Time (s): cpu = 00:00:08 ; elapsed = 00:00:08 . Memory (MB): peak = 4757.898 ; gain = 0.000
INFO: [runtcl-4] Executing : report_bus_skew -warn_on_violation -file design_1_wrapper_bus_skew_routed.rpt -pb design_1_wrapper_bus_skew_routed.pb -rpx design_1_wrapper_bus_skew_routed.rpx
INFO: [Timing 38-91] UpdateTimingParams: Speed grade: -2LV, Temperature grade: C, Delay Type: min_max.
INFO: [Timing 38-191] Multithreading enabled for timing update using a maximum of 2 CPUs
INFO: [Timing 38-480] Writing timing data to binary archive.
Writing XDEF routing.
Writing XDEF routing logical nets.
Writing XDEF routing special nets.
Write XDEF Complete: Time (s): cpu = 00:00:02 ; elapsed = 00:00:00.905 . Memory (MB): peak = 4757.898 ; gain = 0.000
INFO: [Common 17-1381] The checkpoint 'C:/Users/rlaqj/Project/DSD/Lab/Lab01/Vivado/Vivado.runs/impl_1/design_1_wrapper_routed.dcp' has been generated.

WARNING::74 - Unsupported FPGA device name 'xck26-sfvc784-2LV-c'. Verify that the specified device is a valid customer supported device.
-p xck26-sfvc784-2LV-c
   ^

Command: write_bitstream -force design_1_wrapper.bit
Attempting to get a license for feature 'Implementation' and/or device 'xck26'
INFO: [Common 17-349] Got license for feature 'Implementation' and/or device 'xck26'
Running DRC as a precondition to command write_bitstream
INFO: [IP_Flow 19-1839] IP Catalog is up to date.
INFO: [DRC 23-27] Running DRC with 2 threads
WARNING: [DRC PDCN-1569] LUT equation term check: Used physical LUT pin 'A3' of cell dbg_hub/inst/BSCANID.u_xsdbm_id/SWITCH_N_EXT_BSCAN.bscan_switch/temp_curid[31]_i_1 (pin dbg_hub/inst/BSCANID.u_xsdbm_id/SWITCH_N_EXT_BSCAN.bscan_switch/temp_curid[31]_i_1/I0) is not included in the LUT equation: 'O5=(A4*A2)+(A4*(~A2)*(~A1))+((~A4))'. If this cell is a user instantiated LUT in the design, please remove connectivity to the pin or change the equation and/or INIT string of the LUT to prevent this issue. If the cell is inferred or IP created LUT, please regenerate the IP and/or resynthesize the design to attempt to correct the issue.
WARNING: [DRC PDCN-1569] LUT equation term check: Used physical LUT pin 'A5' of cell dbg_hub/inst/BSCANID.u_xsdbm_id/SWITCH_N_EXT_BSCAN.bscan_switch/temp_curid[31]_i_1 (pin dbg_hub/inst/BSCANID.u_xsdbm_id/SWITCH_N_EXT_BSCAN.bscan_switch/temp_curid[31]_i_1/I1) is not included in the LUT equation: 'O5=(A4*A2)+(A4*(~A2)*(~A1))+((~A4))'. If this cell is a user instantiated LUT in the design, please remove connectivity to the pin or change the equation and/or INIT string of the LUT to prevent this issue. If the cell is inferred or IP created LUT, please regenerate the IP and/or resynthesize the design to attempt to correct the issue.
WARNING: [DRC PDCN-1569] LUT equation term check: Used physical LUT pin 'A5' of cell dbg_hub/inst/BSCANID.u_xsdbm_id/SWITCH_N_EXT_BSCAN.id_state[0]_i_1 (pin dbg_hub/inst/BSCANID.u_xsdbm_id/SWITCH_N_EXT_BSCAN.id_state[0]_i_1/I0) is not included in the LUT equation: 'O6=(A6+~A6)*((A1))'. If this cell is a user instantiated LUT in the design, please remove connectivity to the pin or change the equation and/or INIT string of the LUT to prevent this issue. If the cell is inferred or IP created LUT, please regenerate the IP and/or resynthesize the design to attempt to correct the issue.
WARNING: [DRC RTSTAT-10] No routable loads: 25 net(s) have no routable loads. The problem bus(es) and/or net(s) are dbg_hub/inst/BSCANID.u_xsdbm_id/SWITCH_N_EXT_BSCAN.bscan_inst/TMS, dbg_hub/inst/BSCANID.u_xsdbm_id/CORE_XSDB.UUT_MASTER/U_ICON_INTERFACE/U_CMD6_RD/U_RD_FIFO/SUBCORE_FIFO.xsdbm_v3_0_0_rdfifo_inst/inst_fifo_gen/gconvfifo.rf/grf.rf/gntv_or_sync_fifo.gl0.rd/gr1.gr1_int.rfwft/aempty_fwft_i, dbg_hub/inst/BSCANID.u_xsdbm_id/CORE_XSDB.UUT_MASTER/U_ICON_INTERFACE/U_CMD7_CTL/ctl_reg[2:0], dbg_hub/inst/BSCANID.u_xsdbm_id/CORE_XSDB.UUT_MASTER/U_ICON_INTERFACE/U_CMD7_CTL/ctl_reg_en_2[1], dbg_hub/inst/BSCANID.u_xsdbm_id/CORE_XSDB.UUT_MASTER/U_ICON_INTERFACE/U_CMD1/ctl_reg_en_2[1], dbg_hub/inst/BSCANID.u_xsdbm_id/SWITCH_N_EXT_BSCAN.bscan_switch/m_bscan_capture[0], dbg_hub/inst/BSCANID.u_xsdbm_id/SWITCH_N_EXT_BSCAN.bscan_switch/m_bscan_drck[0], dbg_hub/inst/BSCANID.u_xsdbm_id/SWITCH_N_EXT_BSCAN.bscan_switch/m_bscan_runtest[0], dbg_hub/inst/BSCANID.u_xsdbm_id/CORE_XSDB.UUT_MASTER/U_ICON_INTERFACE/U_CMD6_WR/U_WR_FIFO/SUBCORE_FIFO.xsdbm_v3_0_0_wrfifo_inst/inst_fifo_gen/gconvfifo.rf/grf.rf/rstblk/ngwrdrst.grst.rd_rst_reg[0], dbg_hub/inst/BSCANID.u_xsdbm_id/CORE_XSDB.UUT_MASTER/U_ICON_INTERFACE/U_CMD6_RD/U_RD_FIFO/SUBCORE_FIFO.xsdbm_v3_0_0_rdfifo_inst/inst_fifo_gen/gconvfifo.rf/grf.rf/rstblk/ngwrdrst.grst.wr_rst_reg[2], dbg_hub/inst/BSCANID.u_xsdbm_id/CORE_XSDB.UUT_MASTER/U_ICON_INTERFACE/U_CMD6_WR/U_WR_FIFO/SUBCORE_FIFO.xsdbm_v3_0_0_wrfifo_inst/inst_fifo_gen/gconvfifo.rf/grf.rf/rstblk/ngwrdrst.grst.wr_rst_reg[2], dbg_hub/inst/BSCANID.u_xsdbm_id/CORE_XSDB.UUT_MASTER/U_ICON_INTERFACE/U_CMD6_WR/U_WR_FIFO/SUBCORE_FIFO.xsdbm_v3_0_0_wrfifo_inst/inst_fifo_gen/gconvfifo.rf/grf.rf/gntv_or_sync_fifo.gl0.wr/gwhf.whf/overflow, dbg_hub/inst/BSCANID.u_xsdbm_id/CORE_XSDB.UUT_MASTER/U_ICON_INTERFACE/U_CMD6_RD/U_RD_FIFO/SUBCORE_FIFO.xsdbm_v3_0_0_rdfifo_inst/inst_fifo_gen/gconvfifo.rf/grf.rf/gntv_or_sync_fifo.gl0.wr/gwhf.whf/overflow, dbg_hub/inst/BSCANID.u_xsdbm_id/CORE_XSDB.UUT_MASTER/U_ICON_INTERFACE/U_CMD6_RD/U_RD_FIFO/SUBCORE_FIFO.xsdbm_v3_0_0_rdfifo_inst/inst_fifo_gen/gconvfifo.rf/grf.rf/gntv_or_sync_fifo.gl0.rd/gras.rsts/ram_empty_i, dbg_hub/inst/BSCANID.u_xsdbm_id/CORE_XSDB.UUT_MASTER/U_ICON_INTERFACE/U_CMD6_WR/U_WR_FIFO/SUBCORE_FIFO.xsdbm_v3_0_0_wrfifo_inst/inst_fifo_gen/gconvfifo.rf/grf.rf/gntv_or_sync_fifo.gl0.wr/gwas.wsts/ram_full_i... and (the first 15 of 23 listed).
INFO: [Vivado 12-3199] DRC finished with 0 Errors, 4 Warnings
INFO: [Vivado 12-3200] Please refer to the DRC report (report_drc) for more information.
INFO: [Designutils 20-2272] Running write_bitstream with 2 threads.
Loading data files...
Loading site data...
Loading route data...
Processing options...
Creating bitmap...
Creating bitstream...
Writing bitstream ./design_1_wrapper.bit...
INFO: [Vivado 12-1842] Bitgen Completed Successfully.
INFO: [Project 1-1876] WebTalk data collection is mandatory when using a ULT device. To see the specific WebTalk data collected for your design, open the usage_statistics_webtalk.html or usage_statistics_webtalk.xml file in the implementation directory.
INFO: [Common 17-83] Releasing license: Implementation
14 Infos, 4 Warnings, 0 Critical Warnings and 0 Errors encountered.
write_bitstream completed successfully
write_bitstream: Time (s): cpu = 00:00:41 ; elapsed = 00:00:35 . Memory (MB): peak = 4831.934 ; gain = 74.035
INFO: [Common 17-206] Exiting Vivado at Thu Mar 19 20:20:12 2026...
