
*** Running vivado
    with args -log design_1_top_0_0.vds -m64 -product Vivado -mode batch -messageDb vivado.pb -notrace -source design_1_top_0_0.tcl



****** Vivado v2023.1 (64-bit)
  **** SW Build 3865809 on Sun May  7 15:05:29 MDT 2023
  **** IP Build 3864474 on Sun May  7 20:36:21 MDT 2023
  **** SharedData Build 3865790 on Sun May 07 13:33:03 MDT 2023
    ** Copyright 1986-2022 Xilinx, Inc. All Rights Reserved.
    ** Copyright 2022-2023 Advanced Micro Devices, Inc. All Rights Reserved.

source design_1_top_0_0.tcl -notrace
create_project: Time (s): cpu = 00:00:10 ; elapsed = 00:00:11 . Memory (MB): peak = 1383.977 ; gain = 159.512
INFO: [IP_Flow 19-234] Refreshing IP repositories
INFO: [IP_Flow 19-1700] Loaded user IP repository 'c:/Users/rlaqj/Project/DSD/Lab/Lab01/ip_repo'.
INFO: [IP_Flow 19-2313] Loaded Vivado IP repository 'C:/Xilinx/Vivado/2023.1/data/ip'.
INFO: [IP_Flow 19-6924] IPCACHE: Running cache check for IP inst: design_1_top_0_0
Command: synth_design -top design_1_top_0_0 -part xck26-sfvc784-2LV-c -incremental_mode off -mode out_of_context
Starting synth_design
Attempting to get a license for feature 'Synthesis' and/or device 'xck26'
INFO: [Common 17-349] Got license for feature 'Synthesis' and/or device 'xck26'
INFO: [Device 21-403] Loading part xck26-sfvc784-2LV-c
INFO: [Synth 8-7079] Multithreading enabled for synth_design using a maximum of 2 processes.
INFO: [Synth 8-7078] Launching helper process for spawning children vivado processes
INFO: [Synth 8-7075] Helper process launched with PID 19748
WARNING: [Synth 8-10515] begin/end is required for generate-for in this mode of Verilog [c:/Users/rlaqj/Project/DSD/Lab/Lab01/Vivado/Vivado.gen/sources_1/bd/design_1/ip/design_1_top_0_0/src/vio_0/hdl/vio_v3_0_syn_rfs.v:1365]
INFO: [Synth 8-11241] undeclared symbol 'rddata_rst_i', assumed default net type 'wire' [c:/Users/rlaqj/Project/DSD/Lab/Lab01/Vivado/Vivado.gen/sources_1/bd/design_1/ip/design_1_top_0_0/src/ila_0/hdl/xsdbm_v3_0_vl_rfs.v:2188]
INFO: [Synth 8-11241] undeclared symbol 'datard_overflow', assumed default net type 'wire' [c:/Users/rlaqj/Project/DSD/Lab/Lab01/Vivado/Vivado.gen/sources_1/bd/design_1/ip/design_1_top_0_0/src/ila_0/hdl/xsdbm_v3_0_vl_rfs.v:2235]
INFO: [Synth 8-11241] undeclared symbol 'datard_underflow', assumed default net type 'wire' [c:/Users/rlaqj/Project/DSD/Lab/Lab01/Vivado/Vivado.gen/sources_1/bd/design_1/ip/design_1_top_0_0/src/ila_0/hdl/xsdbm_v3_0_vl_rfs.v:2236]
INFO: [Synth 8-11241] undeclared symbol 'tms_int', assumed default net type 'wire' [c:/Users/rlaqj/Project/DSD/Lab/Lab01/Vivado/Vivado.gen/sources_1/bd/design_1/ip/design_1_top_0_0/src/ila_0/hdl/xsdbm_v3_0_vl_rfs.v:6379]
INFO: [Synth 8-11241] undeclared symbol 'runtest_int', assumed default net type 'wire' [c:/Users/rlaqj/Project/DSD/Lab/Lab01/Vivado/Vivado.gen/sources_1/bd/design_1/ip/design_1_top_0_0/src/ila_0/hdl/xsdbm_v3_0_vl_rfs.v:6381]
INFO: [Synth 8-11241] undeclared symbol 'tms_int', assumed default net type 'wire' [c:/Users/rlaqj/Project/DSD/Lab/Lab01/Vivado/Vivado.gen/sources_1/bd/design_1/ip/design_1_top_0_0/src/ila_0/hdl/xsdbm_v3_0_vl_rfs.v:6412]
INFO: [Synth 8-11241] undeclared symbol 'runtest_int', assumed default net type 'wire' [c:/Users/rlaqj/Project/DSD/Lab/Lab01/Vivado/Vivado.gen/sources_1/bd/design_1/ip/design_1_top_0_0/src/ila_0/hdl/xsdbm_v3_0_vl_rfs.v:6414]
INFO: [Synth 8-11241] undeclared symbol 'tms_int', assumed default net type 'wire' [c:/Users/rlaqj/Project/DSD/Lab/Lab01/Vivado/Vivado.gen/sources_1/bd/design_1/ip/design_1_top_0_0/src/ila_0/hdl/xsdbm_v3_0_vl_rfs.v:6447]
INFO: [Synth 8-11241] undeclared symbol 'runtest_int', assumed default net type 'wire' [c:/Users/rlaqj/Project/DSD/Lab/Lab01/Vivado/Vivado.gen/sources_1/bd/design_1/ip/design_1_top_0_0/src/ila_0/hdl/xsdbm_v3_0_vl_rfs.v:6449]
INFO: [Synth 8-11241] undeclared symbol 'tms_int', assumed default net type 'wire' [c:/Users/rlaqj/Project/DSD/Lab/Lab01/Vivado/Vivado.gen/sources_1/bd/design_1/ip/design_1_top_0_0/src/ila_0/hdl/verilog/xsdbm_v3_0_0_bs_core_ext.vh:30]
INFO: [Synth 8-11241] undeclared symbol 'runtest_int', assumed default net type 'wire' [c:/Users/rlaqj/Project/DSD/Lab/Lab01/Vivado/Vivado.gen/sources_1/bd/design_1/ip/design_1_top_0_0/src/ila_0/hdl/verilog/xsdbm_v3_0_0_bs_core_ext.vh:32]
INFO: [Synth 8-11241] undeclared symbol 'tms_int', assumed default net type 'wire' [c:/Users/rlaqj/Project/DSD/Lab/Lab01/Vivado/Vivado.gen/sources_1/bd/design_1/ip/design_1_top_0_0/src/ila_0/hdl/verilog/xsdbm_v3_0_0_bs_core_ext.vh:69]
INFO: [Synth 8-11241] undeclared symbol 'runtest_int', assumed default net type 'wire' [c:/Users/rlaqj/Project/DSD/Lab/Lab01/Vivado/Vivado.gen/sources_1/bd/design_1/ip/design_1_top_0_0/src/ila_0/hdl/verilog/xsdbm_v3_0_0_bs_core_ext.vh:71]
INFO: [Synth 8-11241] undeclared symbol 'tms_int', assumed default net type 'wire' [c:/Users/rlaqj/Project/DSD/Lab/Lab01/Vivado/Vivado.gen/sources_1/bd/design_1/ip/design_1_top_0_0/src/ila_0/hdl/verilog/xsdbm_v3_0_0_bs_core_ext.vh:109]
INFO: [Synth 8-11241] undeclared symbol 'runtest_int', assumed default net type 'wire' [c:/Users/rlaqj/Project/DSD/Lab/Lab01/Vivado/Vivado.gen/sources_1/bd/design_1/ip/design_1_top_0_0/src/ila_0/hdl/verilog/xsdbm_v3_0_0_bs_core_ext.vh:111]
INFO: [Synth 8-11241] undeclared symbol 'tms_int', assumed default net type 'wire' [c:/Users/rlaqj/Project/DSD/Lab/Lab01/Vivado/Vivado.gen/sources_1/bd/design_1/ip/design_1_top_0_0/src/ila_0/hdl/verilog/xsdbm_v3_0_0_bs_core_ext.vh:150]
INFO: [Synth 8-11241] undeclared symbol 'runtest_int', assumed default net type 'wire' [c:/Users/rlaqj/Project/DSD/Lab/Lab01/Vivado/Vivado.gen/sources_1/bd/design_1/ip/design_1_top_0_0/src/ila_0/hdl/verilog/xsdbm_v3_0_0_bs_core_ext.vh:152]
INFO: [Synth 8-11241] undeclared symbol 'tms_int', assumed default net type 'wire' [c:/Users/rlaqj/Project/DSD/Lab/Lab01/Vivado/Vivado.gen/sources_1/bd/design_1/ip/design_1_top_0_0/src/ila_0/hdl/verilog/xsdbm_v3_0_0_bs_core_ext.vh:192]
INFO: [Synth 8-11241] undeclared symbol 'runtest_int', assumed default net type 'wire' [c:/Users/rlaqj/Project/DSD/Lab/Lab01/Vivado/Vivado.gen/sources_1/bd/design_1/ip/design_1_top_0_0/src/ila_0/hdl/verilog/xsdbm_v3_0_0_bs_core_ext.vh:194]
INFO: [Synth 8-11241] undeclared symbol 'tms_int', assumed default net type 'wire' [c:/Users/rlaqj/Project/DSD/Lab/Lab01/Vivado/Vivado.gen/sources_1/bd/design_1/ip/design_1_top_0_0/src/ila_0/hdl/verilog/xsdbm_v3_0_0_bs_core_ext.vh:235]
INFO: [Synth 8-11241] undeclared symbol 'runtest_int', assumed default net type 'wire' [c:/Users/rlaqj/Project/DSD/Lab/Lab01/Vivado/Vivado.gen/sources_1/bd/design_1/ip/design_1_top_0_0/src/ila_0/hdl/verilog/xsdbm_v3_0_0_bs_core_ext.vh:237]
INFO: [Synth 8-11241] undeclared symbol 'tms_int', assumed default net type 'wire' [c:/Users/rlaqj/Project/DSD/Lab/Lab01/Vivado/Vivado.gen/sources_1/bd/design_1/ip/design_1_top_0_0/src/ila_0/hdl/verilog/xsdbm_v3_0_0_bs_core_ext.vh:279]
INFO: [Synth 8-11241] undeclared symbol 'runtest_int', assumed default net type 'wire' [c:/Users/rlaqj/Project/DSD/Lab/Lab01/Vivado/Vivado.gen/sources_1/bd/design_1/ip/design_1_top_0_0/src/ila_0/hdl/verilog/xsdbm_v3_0_0_bs_core_ext.vh:281]
INFO: [Synth 8-11241] undeclared symbol 'tms_int', assumed default net type 'wire' [c:/Users/rlaqj/Project/DSD/Lab/Lab01/Vivado/Vivado.gen/sources_1/bd/design_1/ip/design_1_top_0_0/src/ila_0/hdl/verilog/xsdbm_v3_0_0_bs_core_ext.vh:324]
INFO: [Synth 8-11241] undeclared symbol 'runtest_int', assumed default net type 'wire' [c:/Users/rlaqj/Project/DSD/Lab/Lab01/Vivado/Vivado.gen/sources_1/bd/design_1/ip/design_1_top_0_0/src/ila_0/hdl/verilog/xsdbm_v3_0_0_bs_core_ext.vh:326]
INFO: [Synth 8-11241] undeclared symbol 'tms_int', assumed default net type 'wire' [c:/Users/rlaqj/Project/DSD/Lab/Lab01/Vivado/Vivado.gen/sources_1/bd/design_1/ip/design_1_top_0_0/src/ila_0/hdl/verilog/xsdbm_v3_0_0_bs_core_ext.vh:370]
INFO: [Synth 8-11241] undeclared symbol 'runtest_int', assumed default net type 'wire' [c:/Users/rlaqj/Project/DSD/Lab/Lab01/Vivado/Vivado.gen/sources_1/bd/design_1/ip/design_1_top_0_0/src/ila_0/hdl/verilog/xsdbm_v3_0_0_bs_core_ext.vh:372]
INFO: [Synth 8-11241] undeclared symbol 'tms_int', assumed default net type 'wire' [c:/Users/rlaqj/Project/DSD/Lab/Lab01/Vivado/Vivado.gen/sources_1/bd/design_1/ip/design_1_top_0_0/src/ila_0/hdl/verilog/xsdbm_v3_0_0_bs_core_ext.vh:417]
INFO: [Synth 8-11241] undeclared symbol 'runtest_int', assumed default net type 'wire' [c:/Users/rlaqj/Project/DSD/Lab/Lab01/Vivado/Vivado.gen/sources_1/bd/design_1/ip/design_1_top_0_0/src/ila_0/hdl/verilog/xsdbm_v3_0_0_bs_core_ext.vh:419]
INFO: [Synth 8-11241] undeclared symbol 'tms_int', assumed default net type 'wire' [c:/Users/rlaqj/Project/DSD/Lab/Lab01/Vivado/Vivado.gen/sources_1/bd/design_1/ip/design_1_top_0_0/src/ila_0/hdl/verilog/xsdbm_v3_0_0_bs_core_ext.vh:465]
INFO: [Synth 8-11241] undeclared symbol 'runtest_int', assumed default net type 'wire' [c:/Users/rlaqj/Project/DSD/Lab/Lab01/Vivado/Vivado.gen/sources_1/bd/design_1/ip/design_1_top_0_0/src/ila_0/hdl/verilog/xsdbm_v3_0_0_bs_core_ext.vh:467]
INFO: [Synth 8-11241] undeclared symbol 'tms_int', assumed default net type 'wire' [c:/Users/rlaqj/Project/DSD/Lab/Lab01/Vivado/Vivado.gen/sources_1/bd/design_1/ip/design_1_top_0_0/src/ila_0/hdl/verilog/xsdbm_v3_0_0_bs_core_ext.vh:514]
INFO: [Synth 8-11241] undeclared symbol 'runtest_int', assumed default net type 'wire' [c:/Users/rlaqj/Project/DSD/Lab/Lab01/Vivado/Vivado.gen/sources_1/bd/design_1/ip/design_1_top_0_0/src/ila_0/hdl/verilog/xsdbm_v3_0_0_bs_core_ext.vh:516]
INFO: [Synth 8-11241] undeclared symbol 'tms_int', assumed default net type 'wire' [c:/Users/rlaqj/Project/DSD/Lab/Lab01/Vivado/Vivado.gen/sources_1/bd/design_1/ip/design_1_top_0_0/src/ila_0/hdl/verilog/xsdbm_v3_0_0_bs_core_ext.vh:564]
INFO: [Synth 8-11241] undeclared symbol 'runtest_int', assumed default net type 'wire' [c:/Users/rlaqj/Project/DSD/Lab/Lab01/Vivado/Vivado.gen/sources_1/bd/design_1/ip/design_1_top_0_0/src/ila_0/hdl/verilog/xsdbm_v3_0_0_bs_core_ext.vh:566]
INFO: [Synth 8-11241] undeclared symbol 'tms_int', assumed default net type 'wire' [c:/Users/rlaqj/Project/DSD/Lab/Lab01/Vivado/Vivado.gen/sources_1/bd/design_1/ip/design_1_top_0_0/src/ila_0/hdl/verilog/xsdbm_v3_0_0_bs_core_ext.vh:615]
INFO: [Synth 8-11241] undeclared symbol 'runtest_int', assumed default net type 'wire' [c:/Users/rlaqj/Project/DSD/Lab/Lab01/Vivado/Vivado.gen/sources_1/bd/design_1/ip/design_1_top_0_0/src/ila_0/hdl/verilog/xsdbm_v3_0_0_bs_core_ext.vh:617]
INFO: [Synth 8-11241] undeclared symbol 'tms_int', assumed default net type 'wire' [c:/Users/rlaqj/Project/DSD/Lab/Lab01/Vivado/Vivado.gen/sources_1/bd/design_1/ip/design_1_top_0_0/src/ila_0/hdl/xsdbm_v3_0_vl_rfs.v:6554]
INFO: [Synth 8-11241] undeclared symbol 'runtest_int', assumed default net type 'wire' [c:/Users/rlaqj/Project/DSD/Lab/Lab01/Vivado/Vivado.gen/sources_1/bd/design_1/ip/design_1_top_0_0/src/ila_0/hdl/xsdbm_v3_0_vl_rfs.v:6556]
INFO: [Synth 8-11241] undeclared symbol 'tms_int', assumed default net type 'wire' [c:/Users/rlaqj/Project/DSD/Lab/Lab01/Vivado/Vivado.gen/sources_1/bd/design_1/ip/design_1_top_0_0/src/ila_0/hdl/xsdbm_v3_0_vl_rfs.v:6589]
INFO: [Synth 8-11241] undeclared symbol 'runtest_int', assumed default net type 'wire' [c:/Users/rlaqj/Project/DSD/Lab/Lab01/Vivado/Vivado.gen/sources_1/bd/design_1/ip/design_1_top_0_0/src/ila_0/hdl/xsdbm_v3_0_vl_rfs.v:6591]
INFO: [Synth 8-11241] undeclared symbol 'tms_int', assumed default net type 'wire' [c:/Users/rlaqj/Project/DSD/Lab/Lab01/Vivado/Vivado.gen/sources_1/bd/design_1/ip/design_1_top_0_0/src/ila_0/hdl/verilog/xsdbm_v3_0_0_bs_core.vh:30]
INFO: [Synth 8-11241] undeclared symbol 'runtest_int', assumed default net type 'wire' [c:/Users/rlaqj/Project/DSD/Lab/Lab01/Vivado/Vivado.gen/sources_1/bd/design_1/ip/design_1_top_0_0/src/ila_0/hdl/verilog/xsdbm_v3_0_0_bs_core.vh:32]
INFO: [Synth 8-11241] undeclared symbol 'tms_int', assumed default net type 'wire' [c:/Users/rlaqj/Project/DSD/Lab/Lab01/Vivado/Vivado.gen/sources_1/bd/design_1/ip/design_1_top_0_0/src/ila_0/hdl/verilog/xsdbm_v3_0_0_bs_core.vh:69]
INFO: [Synth 8-11241] undeclared symbol 'runtest_int', assumed default net type 'wire' [c:/Users/rlaqj/Project/DSD/Lab/Lab01/Vivado/Vivado.gen/sources_1/bd/design_1/ip/design_1_top_0_0/src/ila_0/hdl/verilog/xsdbm_v3_0_0_bs_core.vh:71]
INFO: [Synth 8-11241] undeclared symbol 'tms_int', assumed default net type 'wire' [c:/Users/rlaqj/Project/DSD/Lab/Lab01/Vivado/Vivado.gen/sources_1/bd/design_1/ip/design_1_top_0_0/src/ila_0/hdl/verilog/xsdbm_v3_0_0_bs_core.vh:109]
INFO: [Synth 8-11241] undeclared symbol 'runtest_int', assumed default net type 'wire' [c:/Users/rlaqj/Project/DSD/Lab/Lab01/Vivado/Vivado.gen/sources_1/bd/design_1/ip/design_1_top_0_0/src/ila_0/hdl/verilog/xsdbm_v3_0_0_bs_core.vh:111]
INFO: [Synth 8-11241] undeclared symbol 'tms_int', assumed default net type 'wire' [c:/Users/rlaqj/Project/DSD/Lab/Lab01/Vivado/Vivado.gen/sources_1/bd/design_1/ip/design_1_top_0_0/src/ila_0/hdl/verilog/xsdbm_v3_0_0_bs_core.vh:150]
INFO: [Synth 8-11241] undeclared symbol 'runtest_int', assumed default net type 'wire' [c:/Users/rlaqj/Project/DSD/Lab/Lab01/Vivado/Vivado.gen/sources_1/bd/design_1/ip/design_1_top_0_0/src/ila_0/hdl/verilog/xsdbm_v3_0_0_bs_core.vh:152]
INFO: [Synth 8-11241] undeclared symbol 'tms_int', assumed default net type 'wire' [c:/Users/rlaqj/Project/DSD/Lab/Lab01/Vivado/Vivado.gen/sources_1/bd/design_1/ip/design_1_top_0_0/src/ila_0/hdl/verilog/xsdbm_v3_0_0_bs_core.vh:192]
INFO: [Synth 8-11241] undeclared symbol 'runtest_int', assumed default net type 'wire' [c:/Users/rlaqj/Project/DSD/Lab/Lab01/Vivado/Vivado.gen/sources_1/bd/design_1/ip/design_1_top_0_0/src/ila_0/hdl/verilog/xsdbm_v3_0_0_bs_core.vh:194]
INFO: [Synth 8-11241] undeclared symbol 'tms_int', assumed default net type 'wire' [c:/Users/rlaqj/Project/DSD/Lab/Lab01/Vivado/Vivado.gen/sources_1/bd/design_1/ip/design_1_top_0_0/src/ila_0/hdl/verilog/xsdbm_v3_0_0_bs_core.vh:235]
INFO: [Synth 8-11241] undeclared symbol 'runtest_int', assumed default net type 'wire' [c:/Users/rlaqj/Project/DSD/Lab/Lab01/Vivado/Vivado.gen/sources_1/bd/design_1/ip/design_1_top_0_0/src/ila_0/hdl/verilog/xsdbm_v3_0_0_bs_core.vh:237]
INFO: [Synth 8-11241] undeclared symbol 'tms_int', assumed default net type 'wire' [c:/Users/rlaqj/Project/DSD/Lab/Lab01/Vivado/Vivado.gen/sources_1/bd/design_1/ip/design_1_top_0_0/src/ila_0/hdl/verilog/xsdbm_v3_0_0_bs_core.vh:279]
INFO: [Synth 8-11241] undeclared symbol 'runtest_int', assumed default net type 'wire' [c:/Users/rlaqj/Project/DSD/Lab/Lab01/Vivado/Vivado.gen/sources_1/bd/design_1/ip/design_1_top_0_0/src/ila_0/hdl/verilog/xsdbm_v3_0_0_bs_core.vh:281]
INFO: [Synth 8-11241] undeclared symbol 'tms_int', assumed default net type 'wire' [c:/Users/rlaqj/Project/DSD/Lab/Lab01/Vivado/Vivado.gen/sources_1/bd/design_1/ip/design_1_top_0_0/src/ila_0/hdl/verilog/xsdbm_v3_0_0_bs_core.vh:324]
INFO: [Synth 8-11241] undeclared symbol 'runtest_int', assumed default net type 'wire' [c:/Users/rlaqj/Project/DSD/Lab/Lab01/Vivado/Vivado.gen/sources_1/bd/design_1/ip/design_1_top_0_0/src/ila_0/hdl/verilog/xsdbm_v3_0_0_bs_core.vh:326]
INFO: [Synth 8-11241] undeclared symbol 'tms_int', assumed default net type 'wire' [c:/Users/rlaqj/Project/DSD/Lab/Lab01/Vivado/Vivado.gen/sources_1/bd/design_1/ip/design_1_top_0_0/src/ila_0/hdl/verilog/xsdbm_v3_0_0_bs_core.vh:370]
INFO: [Synth 8-11241] undeclared symbol 'runtest_int', assumed default net type 'wire' [c:/Users/rlaqj/Project/DSD/Lab/Lab01/Vivado/Vivado.gen/sources_1/bd/design_1/ip/design_1_top_0_0/src/ila_0/hdl/verilog/xsdbm_v3_0_0_bs_core.vh:372]
INFO: [Synth 8-11241] undeclared symbol 'tms_int', assumed default net type 'wire' [c:/Users/rlaqj/Project/DSD/Lab/Lab01/Vivado/Vivado.gen/sources_1/bd/design_1/ip/design_1_top_0_0/src/ila_0/hdl/verilog/xsdbm_v3_0_0_bs_core.vh:417]
INFO: [Synth 8-11241] undeclared symbol 'runtest_int', assumed default net type 'wire' [c:/Users/rlaqj/Project/DSD/Lab/Lab01/Vivado/Vivado.gen/sources_1/bd/design_1/ip/design_1_top_0_0/src/ila_0/hdl/verilog/xsdbm_v3_0_0_bs_core.vh:419]
INFO: [Synth 8-11241] undeclared symbol 'tms_int', assumed default net type 'wire' [c:/Users/rlaqj/Project/DSD/Lab/Lab01/Vivado/Vivado.gen/sources_1/bd/design_1/ip/design_1_top_0_0/src/ila_0/hdl/verilog/xsdbm_v3_0_0_bs_core.vh:465]
INFO: [Synth 8-11241] undeclared symbol 'runtest_int', assumed default net type 'wire' [c:/Users/rlaqj/Project/DSD/Lab/Lab01/Vivado/Vivado.gen/sources_1/bd/design_1/ip/design_1_top_0_0/src/ila_0/hdl/verilog/xsdbm_v3_0_0_bs_core.vh:467]
INFO: [Synth 8-11241] undeclared symbol 'tms_int', assumed default net type 'wire' [c:/Users/rlaqj/Project/DSD/Lab/Lab01/Vivado/Vivado.gen/sources_1/bd/design_1/ip/design_1_top_0_0/src/ila_0/hdl/verilog/xsdbm_v3_0_0_bs_core.vh:514]
INFO: [Synth 8-11241] undeclared symbol 'runtest_int', assumed default net type 'wire' [c:/Users/rlaqj/Project/DSD/Lab/Lab01/Vivado/Vivado.gen/sources_1/bd/design_1/ip/design_1_top_0_0/src/ila_0/hdl/verilog/xsdbm_v3_0_0_bs_core.vh:516]
INFO: [Synth 8-11241] undeclared symbol 'tms_int', assumed default net type 'wire' [c:/Users/rlaqj/Project/DSD/Lab/Lab01/Vivado/Vivado.gen/sources_1/bd/design_1/ip/design_1_top_0_0/src/ila_0/hdl/verilog/xsdbm_v3_0_0_bs_core.vh:564]
INFO: [Synth 8-11241] undeclared symbol 'runtest_int', assumed default net type 'wire' [c:/Users/rlaqj/Project/DSD/Lab/Lab01/Vivado/Vivado.gen/sources_1/bd/design_1/ip/design_1_top_0_0/src/ila_0/hdl/verilog/xsdbm_v3_0_0_bs_core.vh:566]
INFO: [Synth 8-11241] undeclared symbol 'tms_int', assumed default net type 'wire' [c:/Users/rlaqj/Project/DSD/Lab/Lab01/Vivado/Vivado.gen/sources_1/bd/design_1/ip/design_1_top_0_0/src/ila_0/hdl/verilog/xsdbm_v3_0_0_bs_core.vh:615]
INFO: [Synth 8-11241] undeclared symbol 'runtest_int', assumed default net type 'wire' [c:/Users/rlaqj/Project/DSD/Lab/Lab01/Vivado/Vivado.gen/sources_1/bd/design_1/ip/design_1_top_0_0/src/ila_0/hdl/verilog/xsdbm_v3_0_0_bs_core.vh:617]
INFO: [Synth 8-11241] undeclared symbol 'tms_int', assumed default net type 'wire' [c:/Users/rlaqj/Project/DSD/Lab/Lab01/Vivado/Vivado.gen/sources_1/bd/design_1/ip/design_1_top_0_0/src/ila_0/hdl/xsdbm_v3_0_vl_rfs.v:10347]
INFO: [Synth 8-11241] undeclared symbol 'runtest_int', assumed default net type 'wire' [c:/Users/rlaqj/Project/DSD/Lab/Lab01/Vivado/Vivado.gen/sources_1/bd/design_1/ip/design_1_top_0_0/src/ila_0/hdl/xsdbm_v3_0_vl_rfs.v:10349]
INFO: [Synth 8-11241] undeclared symbol 'tms_int', assumed default net type 'wire' [c:/Users/rlaqj/Project/DSD/Lab/Lab01/Vivado/Vivado.gen/sources_1/bd/design_1/ip/design_1_top_0_0/src/ila_0/hdl/xsdbm_v3_0_vl_rfs.v:10380]
INFO: [Synth 8-11241] undeclared symbol 'runtest_int', assumed default net type 'wire' [c:/Users/rlaqj/Project/DSD/Lab/Lab01/Vivado/Vivado.gen/sources_1/bd/design_1/ip/design_1_top_0_0/src/ila_0/hdl/xsdbm_v3_0_vl_rfs.v:10382]
INFO: [Synth 8-11241] undeclared symbol 'tms_int', assumed default net type 'wire' [c:/Users/rlaqj/Project/DSD/Lab/Lab01/Vivado/Vivado.gen/sources_1/bd/design_1/ip/design_1_top_0_0/src/ila_0/hdl/xsdbm_v3_0_vl_rfs.v:10413]
INFO: [Synth 8-11241] undeclared symbol 'runtest_int', assumed default net type 'wire' [c:/Users/rlaqj/Project/DSD/Lab/Lab01/Vivado/Vivado.gen/sources_1/bd/design_1/ip/design_1_top_0_0/src/ila_0/hdl/xsdbm_v3_0_vl_rfs.v:10415]
INFO: [Synth 8-11241] undeclared symbol 'tms_int', assumed default net type 'wire' [c:/Users/rlaqj/Project/DSD/Lab/Lab01/Vivado/Vivado.gen/sources_1/bd/design_1/ip/design_1_top_0_0/src/ila_0/hdl/verilog/xsdbm_v3_0_0_bs_core_vec.vh:30]
INFO: [Synth 8-11241] undeclared symbol 'runtest_int', assumed default net type 'wire' [c:/Users/rlaqj/Project/DSD/Lab/Lab01/Vivado/Vivado.gen/sources_1/bd/design_1/ip/design_1_top_0_0/src/ila_0/hdl/verilog/xsdbm_v3_0_0_bs_core_vec.vh:32]
INFO: [Synth 8-11241] undeclared symbol 'tms_int', assumed default net type 'wire' [c:/Users/rlaqj/Project/DSD/Lab/Lab01/Vivado/Vivado.gen/sources_1/bd/design_1/ip/design_1_top_0_0/src/ila_0/hdl/verilog/xsdbm_v3_0_0_bs_core_vec.vh:65]
INFO: [Synth 8-11241] undeclared symbol 'runtest_int', assumed default net type 'wire' [c:/Users/rlaqj/Project/DSD/Lab/Lab01/Vivado/Vivado.gen/sources_1/bd/design_1/ip/design_1_top_0_0/src/ila_0/hdl/verilog/xsdbm_v3_0_0_bs_core_vec.vh:67]
INFO: [Synth 8-11241] undeclared symbol 'tms_int', assumed default net type 'wire' [c:/Users/rlaqj/Project/DSD/Lab/Lab01/Vivado/Vivado.gen/sources_1/bd/design_1/ip/design_1_top_0_0/src/ila_0/hdl/verilog/xsdbm_v3_0_0_bs_core_vec.vh:100]
INFO: [Synth 8-11241] undeclared symbol 'runtest_int', assumed default net type 'wire' [c:/Users/rlaqj/Project/DSD/Lab/Lab01/Vivado/Vivado.gen/sources_1/bd/design_1/ip/design_1_top_0_0/src/ila_0/hdl/verilog/xsdbm_v3_0_0_bs_core_vec.vh:102]
INFO: [Synth 8-11241] undeclared symbol 'tms_int', assumed default net type 'wire' [c:/Users/rlaqj/Project/DSD/Lab/Lab01/Vivado/Vivado.gen/sources_1/bd/design_1/ip/design_1_top_0_0/src/ila_0/hdl/verilog/xsdbm_v3_0_0_bs_core_vec.vh:135]
INFO: [Synth 8-11241] undeclared symbol 'runtest_int', assumed default net type 'wire' [c:/Users/rlaqj/Project/DSD/Lab/Lab01/Vivado/Vivado.gen/sources_1/bd/design_1/ip/design_1_top_0_0/src/ila_0/hdl/verilog/xsdbm_v3_0_0_bs_core_vec.vh:137]
INFO: [Synth 8-11241] undeclared symbol 'tms_int', assumed default net type 'wire' [c:/Users/rlaqj/Project/DSD/Lab/Lab01/Vivado/Vivado.gen/sources_1/bd/design_1/ip/design_1_top_0_0/src/ila_0/hdl/verilog/xsdbm_v3_0_0_bs_core_vec.vh:170]
INFO: [Synth 8-11241] undeclared symbol 'runtest_int', assumed default net type 'wire' [c:/Users/rlaqj/Project/DSD/Lab/Lab01/Vivado/Vivado.gen/sources_1/bd/design_1/ip/design_1_top_0_0/src/ila_0/hdl/verilog/xsdbm_v3_0_0_bs_core_vec.vh:172]
INFO: [Synth 8-11241] undeclared symbol 'tms_int', assumed default net type 'wire' [c:/Users/rlaqj/Project/DSD/Lab/Lab01/Vivado/Vivado.gen/sources_1/bd/design_1/ip/design_1_top_0_0/src/ila_0/hdl/verilog/xsdbm_v3_0_0_bs_core_vec.vh:205]
INFO: [Synth 8-11241] undeclared symbol 'runtest_int', assumed default net type 'wire' [c:/Users/rlaqj/Project/DSD/Lab/Lab01/Vivado/Vivado.gen/sources_1/bd/design_1/ip/design_1_top_0_0/src/ila_0/hdl/verilog/xsdbm_v3_0_0_bs_core_vec.vh:207]
INFO: [Synth 8-11241] undeclared symbol 'tms_int', assumed default net type 'wire' [c:/Users/rlaqj/Project/DSD/Lab/Lab01/Vivado/Vivado.gen/sources_1/bd/design_1/ip/design_1_top_0_0/src/ila_0/hdl/verilog/xsdbm_v3_0_0_bs_core_vec.vh:240]
INFO: [Synth 8-11241] undeclared symbol 'runtest_int', assumed default net type 'wire' [c:/Users/rlaqj/Project/DSD/Lab/Lab01/Vivado/Vivado.gen/sources_1/bd/design_1/ip/design_1_top_0_0/src/ila_0/hdl/verilog/xsdbm_v3_0_0_bs_core_vec.vh:242]
INFO: [Synth 8-11241] undeclared symbol 'tms_int', assumed default net type 'wire' [c:/Users/rlaqj/Project/DSD/Lab/Lab01/Vivado/Vivado.gen/sources_1/bd/design_1/ip/design_1_top_0_0/src/ila_0/hdl/verilog/xsdbm_v3_0_0_bs_core_vec.vh:275]
INFO: [Synth 8-11241] undeclared symbol 'runtest_int', assumed default net type 'wire' [c:/Users/rlaqj/Project/DSD/Lab/Lab01/Vivado/Vivado.gen/sources_1/bd/design_1/ip/design_1_top_0_0/src/ila_0/hdl/verilog/xsdbm_v3_0_0_bs_core_vec.vh:277]
INFO: [Synth 8-11241] undeclared symbol 'tms_int', assumed default net type 'wire' [c:/Users/rlaqj/Project/DSD/Lab/Lab01/Vivado/Vivado.gen/sources_1/bd/design_1/ip/design_1_top_0_0/src/ila_0/hdl/verilog/xsdbm_v3_0_0_bs_core_vec.vh:310]
INFO: [Synth 8-11241] undeclared symbol 'runtest_int', assumed default net type 'wire' [c:/Users/rlaqj/Project/DSD/Lab/Lab01/Vivado/Vivado.gen/sources_1/bd/design_1/ip/design_1_top_0_0/src/ila_0/hdl/verilog/xsdbm_v3_0_0_bs_core_vec.vh:312]
INFO: [Synth 8-11241] undeclared symbol 'tms_int', assumed default net type 'wire' [c:/Users/rlaqj/Project/DSD/Lab/Lab01/Vivado/Vivado.gen/sources_1/bd/design_1/ip/design_1_top_0_0/src/ila_0/hdl/verilog/xsdbm_v3_0_0_bs_core_vec.vh:345]
INFO: [Synth 8-11241] undeclared symbol 'runtest_int', assumed default net type 'wire' [c:/Users/rlaqj/Project/DSD/Lab/Lab01/Vivado/Vivado.gen/sources_1/bd/design_1/ip/design_1_top_0_0/src/ila_0/hdl/verilog/xsdbm_v3_0_0_bs_core_vec.vh:347]
INFO: [Synth 8-11241] undeclared symbol 'tms_int', assumed default net type 'wire' [c:/Users/rlaqj/Project/DSD/Lab/Lab01/Vivado/Vivado.gen/sources_1/bd/design_1/ip/design_1_top_0_0/src/ila_0/hdl/verilog/xsdbm_v3_0_0_bs_core_vec.vh:380]
INFO: [Synth 8-11241] undeclared symbol 'runtest_int', assumed default net type 'wire' [c:/Users/rlaqj/Project/DSD/Lab/Lab01/Vivado/Vivado.gen/sources_1/bd/design_1/ip/design_1_top_0_0/src/ila_0/hdl/verilog/xsdbm_v3_0_0_bs_core_vec.vh:382]
INFO: [Synth 8-11241] undeclared symbol 'tms_int', assumed default net type 'wire' [c:/Users/rlaqj/Project/DSD/Lab/Lab01/Vivado/Vivado.gen/sources_1/bd/design_1/ip/design_1_top_0_0/src/ila_0/hdl/verilog/xsdbm_v3_0_0_bs_core_vec.vh:415]
INFO: [Synth 8-11241] undeclared symbol 'runtest_int', assumed default net type 'wire' [c:/Users/rlaqj/Project/DSD/Lab/Lab01/Vivado/Vivado.gen/sources_1/bd/design_1/ip/design_1_top_0_0/src/ila_0/hdl/verilog/xsdbm_v3_0_0_bs_core_vec.vh:417]
INFO: [Synth 8-11241] undeclared symbol 'tms_int', assumed default net type 'wire' [c:/Users/rlaqj/Project/DSD/Lab/Lab01/Vivado/Vivado.gen/sources_1/bd/design_1/ip/design_1_top_0_0/src/ila_0/hdl/verilog/xsdbm_v3_0_0_bs_core_vec.vh:450]
INFO: [Common 17-14] Message 'Synth 8-11241' appears 100 times and further instances of the messages will be disabled. Use the Tcl command set_msg_config to change the current settings.
WARNING: [Synth 8-10294] parameter declaration is not allowed here in this mode of Verilog [c:/Users/rlaqj/Project/DSD/Lab/Lab01/Vivado/Vivado.gen/sources_1/bd/design_1/ip/design_1_top_0_0/src/ila_0/hdl/ila_v6_2_syn_rfs.v:4527]
WARNING: [Synth 8-10294] parameter declaration is not allowed here in this mode of Verilog [c:/Users/rlaqj/Project/DSD/Lab/Lab01/Vivado/Vivado.gen/sources_1/bd/design_1/ip/design_1_top_0_0/src/ila_0/hdl/ila_v6_2_syn_rfs.v:4528]
WARNING: [Synth 8-10294] parameter declaration is not allowed here in this mode of Verilog [c:/Users/rlaqj/Project/DSD/Lab/Lab01/Vivado/Vivado.gen/sources_1/bd/design_1/ip/design_1_top_0_0/src/ila_0/hdl/ila_v6_2_syn_rfs.v:4529]
WARNING: [Synth 8-10294] parameter declaration is not allowed here in this mode of Verilog [c:/Users/rlaqj/Project/DSD/Lab/Lab01/Vivado/Vivado.gen/sources_1/bd/design_1/ip/design_1_top_0_0/src/ila_0/hdl/ila_v6_2_syn_rfs.v:4530]
WARNING: [Synth 8-10294] parameter declaration is not allowed here in this mode of Verilog [c:/Users/rlaqj/Project/DSD/Lab/Lab01/Vivado/Vivado.gen/sources_1/bd/design_1/ip/design_1_top_0_0/src/ila_0/hdl/ila_v6_2_syn_rfs.v:4531]
WARNING: [Synth 8-10294] parameter declaration is not allowed here in this mode of Verilog [c:/Users/rlaqj/Project/DSD/Lab/Lab01/Vivado/Vivado.gen/sources_1/bd/design_1/ip/design_1_top_0_0/src/ila_0/hdl/ila_v6_2_syn_rfs.v:4532]
WARNING: [Synth 8-10294] parameter declaration is not allowed here in this mode of Verilog [c:/Users/rlaqj/Project/DSD/Lab/Lab01/Vivado/Vivado.gen/sources_1/bd/design_1/ip/design_1_top_0_0/src/ila_0/hdl/ila_v6_2_syn_rfs.v:4586]
WARNING: [Synth 8-10294] parameter declaration is not allowed here in this mode of Verilog [c:/Users/rlaqj/Project/DSD/Lab/Lab01/Vivado/Vivado.gen/sources_1/bd/design_1/ip/design_1_top_0_0/src/ila_0/hdl/ila_v6_2_syn_rfs.v:4587]
WARNING: [Synth 8-10294] parameter declaration is not allowed here in this mode of Verilog [c:/Users/rlaqj/Project/DSD/Lab/Lab01/Vivado/Vivado.gen/sources_1/bd/design_1/ip/design_1_top_0_0/src/ila_0/hdl/ila_v6_2_syn_rfs.v:4588]
WARNING: [Synth 8-10294] parameter declaration is not allowed here in this mode of Verilog [c:/Users/rlaqj/Project/DSD/Lab/Lab01/Vivado/Vivado.gen/sources_1/bd/design_1/ip/design_1_top_0_0/src/ila_0/hdl/ila_v6_2_syn_rfs.v:5486]
---------------------------------------------------------------------------------
Starting RTL Elaboration : Time (s): cpu = 00:00:16 ; elapsed = 00:00:17 . Memory (MB): peak = 2815.207 ; gain = 354.672
---------------------------------------------------------------------------------
INFO: [Synth 8-6157] synthesizing module 'design_1_top_0_0' [c:/Users/rlaqj/Project/DSD/Lab/Lab01/Vivado/Vivado.gen/sources_1/bd/design_1/ip/design_1_top_0_0/synth/design_1_top_0_0.v:53]
WARNING: [Synth 8-4446] all outputs are unconnected for this instance and logic may be removed [c:/Users/rlaqj/Project/DSD/Lab/Lab01/Vivado/Vivado.gen/sources_1/bd/design_1/ip/design_1_top_0_0/synth/design_1_top_0_0.v:70]
INFO: [Synth 8-6157] synthesizing module 'top' [c:/Users/rlaqj/Project/DSD/Lab/Lab01/Vivado/Vivado.gen/sources_1/bd/design_1/ipshared/6108/src/top.v:3]
INFO: [Synth 8-6157] synthesizing module 'adder' [c:/Users/rlaqj/Project/DSD/Lab/Lab01/Vivado/Vivado.gen/sources_1/bd/design_1/ipshared/6108/src/adder.v:3]
INFO: [Synth 8-6155] done synthesizing module 'adder' (0#1) [c:/Users/rlaqj/Project/DSD/Lab/Lab01/Vivado/Vivado.gen/sources_1/bd/design_1/ipshared/6108/src/adder.v:3]
WARNING: [Synth 8-4446] all outputs are unconnected for this instance and logic may be removed [c:/Users/rlaqj/Project/DSD/Lab/Lab01/Vivado/Vivado.gen/sources_1/bd/design_1/ipshared/6108/src/top.v:20]
INFO: [Synth 8-6157] synthesizing module 'ila_0' [c:/Users/rlaqj/Project/DSD/Lab/Lab01/Vivado/Vivado.gen/sources_1/bd/design_1/ip/design_1_top_0_0/src/ila_0/synth/ila_0.v:48]
INFO: [Synth 8-6157] synthesizing module 'CFGLUT5' [C:/Xilinx/Vivado/2023.1/scripts/rt/data/unisim_comp.v:1971]
INFO: [Synth 8-6155] done synthesizing module 'CFGLUT5' (0#1) [C:/Xilinx/Vivado/2023.1/scripts/rt/data/unisim_comp.v:1971]
INFO: [Synth 8-6157] synthesizing module 'CARRY4' [C:/Xilinx/Vivado/2023.1/scripts/rt/data/unisim_comp.v:1934]
INFO: [Synth 8-6155] done synthesizing module 'CARRY4' (0#1) [C:/Xilinx/Vivado/2023.1/scripts/rt/data/unisim_comp.v:1934]
INFO: [Synth 8-6157] synthesizing module 'SRLC32E' [C:/Xilinx/Vivado/2023.1/scripts/rt/data/unisim_comp.v:132323]
INFO: [Synth 8-6155] done synthesizing module 'SRLC32E' (0#1) [C:/Xilinx/Vivado/2023.1/scripts/rt/data/unisim_comp.v:132323]
INFO: [Synth 8-6157] synthesizing module 'SRL16E' [C:/Xilinx/Vivado/2023.1/scripts/rt/data/unisim_comp.v:132173]
INFO: [Synth 8-6155] done synthesizing module 'SRL16E' (0#1) [C:/Xilinx/Vivado/2023.1/scripts/rt/data/unisim_comp.v:132173]
INFO: [Synth 8-6157] synthesizing module 'SRLC16E' [C:/Xilinx/Vivado/2023.1/scripts/rt/data/unisim_comp.v:132262]
INFO: [Synth 8-6155] done synthesizing module 'SRLC16E' (0#1) [C:/Xilinx/Vivado/2023.1/scripts/rt/data/unisim_comp.v:132262]
INFO: [Synth 8-6157] synthesizing module 'FDRE' [C:/Xilinx/Vivado/2023.1/scripts/rt/data/unisim_comp.v:39148]
INFO: [Synth 8-6155] done synthesizing module 'FDRE' (0#1) [C:/Xilinx/Vivado/2023.1/scripts/rt/data/unisim_comp.v:39148]
WARNING: [Synth 8-7071] port 'clk_nobuf' of module 'ila_v6_2_13_ila' is unconnected for instance 'inst' [c:/Users/rlaqj/Project/DSD/Lab/Lab01/Vivado/Vivado.gen/sources_1/bd/design_1/ip/design_1_top_0_0/src/ila_0/synth/ila_0.v:3215]
WARNING: [Synth 8-7071] port 'clkdiv_out' of module 'ila_v6_2_13_ila' is unconnected for instance 'inst' [c:/Users/rlaqj/Project/DSD/Lab/Lab01/Vivado/Vivado.gen/sources_1/bd/design_1/ip/design_1_top_0_0/src/ila_0/synth/ila_0.v:3215]
WARNING: [Synth 8-7071] port 'trig_in' of module 'ila_v6_2_13_ila' is unconnected for instance 'inst' [c:/Users/rlaqj/Project/DSD/Lab/Lab01/Vivado/Vivado.gen/sources_1/bd/design_1/ip/design_1_top_0_0/src/ila_0/synth/ila_0.v:3215]
WARNING: [Synth 8-7071] port 'trig_in_ack' of module 'ila_v6_2_13_ila' is unconnected for instance 'inst' [c:/Users/rlaqj/Project/DSD/Lab/Lab01/Vivado/Vivado.gen/sources_1/bd/design_1/ip/design_1_top_0_0/src/ila_0/synth/ila_0.v:3215]
WARNING: [Synth 8-7071] port 'trig_out' of module 'ila_v6_2_13_ila' is unconnected for instance 'inst' [c:/Users/rlaqj/Project/DSD/Lab/Lab01/Vivado/Vivado.gen/sources_1/bd/design_1/ip/design_1_top_0_0/src/ila_0/synth/ila_0.v:3215]
WARNING: [Synth 8-7071] port 'trig_out_ack' of module 'ila_v6_2_13_ila' is unconnected for instance 'inst' [c:/Users/rlaqj/Project/DSD/Lab/Lab01/Vivado/Vivado.gen/sources_1/bd/design_1/ip/design_1_top_0_0/src/ila_0/synth/ila_0.v:3215]
WARNING: [Synth 8-7023] instance 'inst' of module 'ila_v6_2_13_ila' has 1033 connections declared, but only 1027 given [c:/Users/rlaqj/Project/DSD/Lab/Lab01/Vivado/Vivado.gen/sources_1/bd/design_1/ip/design_1_top_0_0/src/ila_0/synth/ila_0.v:3215]
INFO: [Synth 8-6155] done synthesizing module 'ila_0' (0#1) [c:/Users/rlaqj/Project/DSD/Lab/Lab01/Vivado/Vivado.gen/sources_1/bd/design_1/ip/design_1_top_0_0/src/ila_0/synth/ila_0.v:48]
INFO: [Synth 8-6157] synthesizing module 'vio_0' [c:/Users/rlaqj/Project/DSD/Lab/Lab01/Vivado/Vivado.gen/sources_1/bd/design_1/ip/design_1_top_0_0/src/vio_0/synth/vio_0.v:49]
INFO: [Synth 8-6155] done synthesizing module 'vio_0' (0#1) [c:/Users/rlaqj/Project/DSD/Lab/Lab01/Vivado/Vivado.gen/sources_1/bd/design_1/ip/design_1_top_0_0/src/vio_0/synth/vio_0.v:49]
INFO: [Synth 8-6155] done synthesizing module 'top' (0#1) [c:/Users/rlaqj/Project/DSD/Lab/Lab01/Vivado/Vivado.gen/sources_1/bd/design_1/ipshared/6108/src/top.v:3]
INFO: [Synth 8-6155] done synthesizing module 'design_1_top_0_0' (0#1) [c:/Users/rlaqj/Project/DSD/Lab/Lab01/Vivado/Vivado.gen/sources_1/bd/design_1/ip/design_1_top_0_0/synth/design_1_top_0_0.v:53]
WARNING: [Synth 8-3848] Net sl_iport0 in module/entity ila_0 does not have driver. [c:/Users/rlaqj/Project/DSD/Lab/Lab01/Vivado/Vivado.gen/sources_1/bd/design_1/ip/design_1_top_0_0/src/ila_0/synth/ila_0.v:104]
WARNING: [Synth 8-3848] Net sl_iport0 in module/entity vio_0 does not have driver. [c:/Users/rlaqj/Project/DSD/Lab/Lab01/Vivado/Vivado.gen/sources_1/bd/design_1/ip/design_1_top_0_0/src/vio_0/synth/vio_0.v:74]
INFO: [Synth 8-6071] Mark debug on the nets applies keep_hierarchy on instance 'u_vio_0'. This will prevent further optimization [c:/Users/rlaqj/Project/DSD/Lab/Lab01/Vivado/Vivado.gen/sources_1/bd/design_1/ipshared/6108/src/top.v:30]
INFO: [Synth 8-6071] Mark debug on the nets applies keep_hierarchy on instance 'u_ila_0'. This will prevent further optimization [c:/Users/rlaqj/Project/DSD/Lab/Lab01/Vivado/Vivado.gen/sources_1/bd/design_1/ipshared/6108/src/top.v:20]
INFO: [Synth 8-6071] Mark debug on the nets applies keep_hierarchy on instance 'adder_inst'. This will prevent further optimization [c:/Users/rlaqj/Project/DSD/Lab/Lab01/Vivado/Vivado.gen/sources_1/bd/design_1/ipshared/6108/src/top.v:12]
INFO: [Synth 8-6071] Mark debug on the nets applies keep_hierarchy on instance 'inst'. This will prevent further optimization [c:/Users/rlaqj/Project/DSD/Lab/Lab01/Vivado/Vivado.gen/sources_1/bd/design_1/ip/design_1_top_0_0/synth/design_1_top_0_0.v:70]
WARNING: [Synth 8-7129] Port Bus_rst in module vio_v3_0_23_probe_out_one is either unconnected or has no load
WARNING: [Synth 8-7129] Port Read in module vio_v3_0_23_probe_out_one is either unconnected or has no load
WARNING: [Synth 8-7129] Port Bus_Data_in[15] in module vio_v3_0_23_probe_out_one is either unconnected or has no load
WARNING: [Synth 8-7129] Port Bus_Data_in[14] in module vio_v3_0_23_probe_out_one is either unconnected or has no load
WARNING: [Synth 8-7129] Port Bus_Data_in[13] in module vio_v3_0_23_probe_out_one is either unconnected or has no load
WARNING: [Synth 8-7129] Port Bus_Data_in[12] in module vio_v3_0_23_probe_out_one is either unconnected or has no load
WARNING: [Synth 8-7129] Port Bus_Data_in[11] in module vio_v3_0_23_probe_out_one is either unconnected or has no load
WARNING: [Synth 8-7129] Port Bus_Data_in[10] in module vio_v3_0_23_probe_out_one is either unconnected or has no load
WARNING: [Synth 8-7129] Port Bus_Data_in[9] in module vio_v3_0_23_probe_out_one is either unconnected or has no load
WARNING: [Synth 8-7129] Port Bus_Data_in[8] in module vio_v3_0_23_probe_out_one is either unconnected or has no load
WARNING: [Synth 8-7129] Port Bus_Data_in[7] in module vio_v3_0_23_probe_out_one is either unconnected or has no load
WARNING: [Synth 8-7129] Port Bus_Data_in[6] in module vio_v3_0_23_probe_out_one is either unconnected or has no load
WARNING: [Synth 8-7129] Port Bus_Data_in[5] in module vio_v3_0_23_probe_out_one is either unconnected or has no load
WARNING: [Synth 8-7129] Port Bus_Data_in[4] in module vio_v3_0_23_probe_out_one is either unconnected or has no load
WARNING: [Synth 8-7129] Port Internal_cnt_rst in module vio_v3_0_23_probe_out_one is either unconnected or has no load
WARNING: [Synth 8-7129] Port Internal_cnt_rst in module vio_v3_0_23_probe_in_one is either unconnected or has no load
WARNING: [Synth 8-7129] Port probe_in1[0] in module vio_v3_0_23_vio is either unconnected or has no load
WARNING: [Synth 8-7129] Port probe_in2[0] in module vio_v3_0_23_vio is either unconnected or has no load
WARNING: [Synth 8-7129] Port probe_in3[0] in module vio_v3_0_23_vio is either unconnected or has no load
WARNING: [Synth 8-7129] Port probe_in4[0] in module vio_v3_0_23_vio is either unconnected or has no load
WARNING: [Synth 8-7129] Port probe_in5[0] in module vio_v3_0_23_vio is either unconnected or has no load
WARNING: [Synth 8-7129] Port probe_in6[0] in module vio_v3_0_23_vio is either unconnected or has no load
WARNING: [Synth 8-7129] Port probe_in7[0] in module vio_v3_0_23_vio is either unconnected or has no load
WARNING: [Synth 8-7129] Port probe_in8[0] in module vio_v3_0_23_vio is either unconnected or has no load
WARNING: [Synth 8-7129] Port probe_in9[0] in module vio_v3_0_23_vio is either unconnected or has no load
WARNING: [Synth 8-7129] Port probe_in10[0] in module vio_v3_0_23_vio is either unconnected or has no load
WARNING: [Synth 8-7129] Port probe_in11[0] in module vio_v3_0_23_vio is either unconnected or has no load
WARNING: [Synth 8-7129] Port probe_in12[0] in module vio_v3_0_23_vio is either unconnected or has no load
WARNING: [Synth 8-7129] Port probe_in13[0] in module vio_v3_0_23_vio is either unconnected or has no load
WARNING: [Synth 8-7129] Port probe_in14[0] in module vio_v3_0_23_vio is either unconnected or has no load
WARNING: [Synth 8-7129] Port probe_in15[0] in module vio_v3_0_23_vio is either unconnected or has no load
WARNING: [Synth 8-7129] Port probe_in16[0] in module vio_v3_0_23_vio is either unconnected or has no load
WARNING: [Synth 8-7129] Port probe_in17[0] in module vio_v3_0_23_vio is either unconnected or has no load
WARNING: [Synth 8-7129] Port probe_in18[0] in module vio_v3_0_23_vio is either unconnected or has no load
WARNING: [Synth 8-7129] Port probe_in19[0] in module vio_v3_0_23_vio is either unconnected or has no load
WARNING: [Synth 8-7129] Port probe_in20[0] in module vio_v3_0_23_vio is either unconnected or has no load
WARNING: [Synth 8-7129] Port probe_in21[0] in module vio_v3_0_23_vio is either unconnected or has no load
WARNING: [Synth 8-7129] Port probe_in22[0] in module vio_v3_0_23_vio is either unconnected or has no load
WARNING: [Synth 8-7129] Port probe_in23[0] in module vio_v3_0_23_vio is either unconnected or has no load
WARNING: [Synth 8-7129] Port probe_in24[0] in module vio_v3_0_23_vio is either unconnected or has no load
WARNING: [Synth 8-7129] Port probe_in25[0] in module vio_v3_0_23_vio is either unconnected or has no load
WARNING: [Synth 8-7129] Port probe_in26[0] in module vio_v3_0_23_vio is either unconnected or has no load
WARNING: [Synth 8-7129] Port probe_in27[0] in module vio_v3_0_23_vio is either unconnected or has no load
WARNING: [Synth 8-7129] Port probe_in28[0] in module vio_v3_0_23_vio is either unconnected or has no load
WARNING: [Synth 8-7129] Port probe_in29[0] in module vio_v3_0_23_vio is either unconnected or has no load
WARNING: [Synth 8-7129] Port probe_in30[0] in module vio_v3_0_23_vio is either unconnected or has no load
WARNING: [Synth 8-7129] Port probe_in31[0] in module vio_v3_0_23_vio is either unconnected or has no load
WARNING: [Synth 8-7129] Port probe_in32[0] in module vio_v3_0_23_vio is either unconnected or has no load
WARNING: [Synth 8-7129] Port probe_in33[0] in module vio_v3_0_23_vio is either unconnected or has no load
WARNING: [Synth 8-7129] Port probe_in34[0] in module vio_v3_0_23_vio is either unconnected or has no load
WARNING: [Synth 8-7129] Port probe_in35[0] in module vio_v3_0_23_vio is either unconnected or has no load
WARNING: [Synth 8-7129] Port probe_in36[0] in module vio_v3_0_23_vio is either unconnected or has no load
WARNING: [Synth 8-7129] Port probe_in37[0] in module vio_v3_0_23_vio is either unconnected or has no load
WARNING: [Synth 8-7129] Port probe_in38[0] in module vio_v3_0_23_vio is either unconnected or has no load
WARNING: [Synth 8-7129] Port probe_in39[0] in module vio_v3_0_23_vio is either unconnected or has no load
WARNING: [Synth 8-7129] Port probe_in40[0] in module vio_v3_0_23_vio is either unconnected or has no load
WARNING: [Synth 8-7129] Port probe_in41[0] in module vio_v3_0_23_vio is either unconnected or has no load
WARNING: [Synth 8-7129] Port probe_in42[0] in module vio_v3_0_23_vio is either unconnected or has no load
WARNING: [Synth 8-7129] Port probe_in43[0] in module vio_v3_0_23_vio is either unconnected or has no load
WARNING: [Synth 8-7129] Port probe_in44[0] in module vio_v3_0_23_vio is either unconnected or has no load
WARNING: [Synth 8-7129] Port probe_in45[0] in module vio_v3_0_23_vio is either unconnected or has no load
WARNING: [Synth 8-7129] Port probe_in46[0] in module vio_v3_0_23_vio is either unconnected or has no load
WARNING: [Synth 8-7129] Port probe_in47[0] in module vio_v3_0_23_vio is either unconnected or has no load
WARNING: [Synth 8-7129] Port probe_in48[0] in module vio_v3_0_23_vio is either unconnected or has no load
WARNING: [Synth 8-7129] Port probe_in49[0] in module vio_v3_0_23_vio is either unconnected or has no load
WARNING: [Synth 8-7129] Port probe_in50[0] in module vio_v3_0_23_vio is either unconnected or has no load
WARNING: [Synth 8-7129] Port probe_in51[0] in module vio_v3_0_23_vio is either unconnected or has no load
WARNING: [Synth 8-7129] Port probe_in52[0] in module vio_v3_0_23_vio is either unconnected or has no load
WARNING: [Synth 8-7129] Port probe_in53[0] in module vio_v3_0_23_vio is either unconnected or has no load
WARNING: [Synth 8-7129] Port probe_in54[0] in module vio_v3_0_23_vio is either unconnected or has no load
WARNING: [Synth 8-7129] Port probe_in55[0] in module vio_v3_0_23_vio is either unconnected or has no load
WARNING: [Synth 8-7129] Port probe_in56[0] in module vio_v3_0_23_vio is either unconnected or has no load
WARNING: [Synth 8-7129] Port probe_in57[0] in module vio_v3_0_23_vio is either unconnected or has no load
WARNING: [Synth 8-7129] Port probe_in58[0] in module vio_v3_0_23_vio is either unconnected or has no load
WARNING: [Synth 8-7129] Port probe_in59[0] in module vio_v3_0_23_vio is either unconnected or has no load
WARNING: [Synth 8-7129] Port probe_in60[0] in module vio_v3_0_23_vio is either unconnected or has no load
WARNING: [Synth 8-7129] Port probe_in61[0] in module vio_v3_0_23_vio is either unconnected or has no load
WARNING: [Synth 8-7129] Port probe_in62[0] in module vio_v3_0_23_vio is either unconnected or has no load
WARNING: [Synth 8-7129] Port probe_in63[0] in module vio_v3_0_23_vio is either unconnected or has no load
WARNING: [Synth 8-7129] Port probe_in64[0] in module vio_v3_0_23_vio is either unconnected or has no load
WARNING: [Synth 8-7129] Port probe_in65[0] in module vio_v3_0_23_vio is either unconnected or has no load
WARNING: [Synth 8-7129] Port probe_in66[0] in module vio_v3_0_23_vio is either unconnected or has no load
WARNING: [Synth 8-7129] Port probe_in67[0] in module vio_v3_0_23_vio is either unconnected or has no load
WARNING: [Synth 8-7129] Port probe_in68[0] in module vio_v3_0_23_vio is either unconnected or has no load
WARNING: [Synth 8-7129] Port probe_in69[0] in module vio_v3_0_23_vio is either unconnected or has no load
WARNING: [Synth 8-7129] Port probe_in70[0] in module vio_v3_0_23_vio is either unconnected or has no load
WARNING: [Synth 8-7129] Port probe_in71[0] in module vio_v3_0_23_vio is either unconnected or has no load
WARNING: [Synth 8-7129] Port probe_in72[0] in module vio_v3_0_23_vio is either unconnected or has no load
WARNING: [Synth 8-7129] Port probe_in73[0] in module vio_v3_0_23_vio is either unconnected or has no load
WARNING: [Synth 8-7129] Port probe_in74[0] in module vio_v3_0_23_vio is either unconnected or has no load
WARNING: [Synth 8-7129] Port probe_in75[0] in module vio_v3_0_23_vio is either unconnected or has no load
WARNING: [Synth 8-7129] Port probe_in76[0] in module vio_v3_0_23_vio is either unconnected or has no load
WARNING: [Synth 8-7129] Port probe_in77[0] in module vio_v3_0_23_vio is either unconnected or has no load
WARNING: [Synth 8-7129] Port probe_in78[0] in module vio_v3_0_23_vio is either unconnected or has no load
WARNING: [Synth 8-7129] Port probe_in79[0] in module vio_v3_0_23_vio is either unconnected or has no load
WARNING: [Synth 8-7129] Port probe_in80[0] in module vio_v3_0_23_vio is either unconnected or has no load
WARNING: [Synth 8-7129] Port probe_in81[0] in module vio_v3_0_23_vio is either unconnected or has no load
WARNING: [Synth 8-7129] Port probe_in82[0] in module vio_v3_0_23_vio is either unconnected or has no load
WARNING: [Synth 8-7129] Port probe_in83[0] in module vio_v3_0_23_vio is either unconnected or has no load
WARNING: [Synth 8-7129] Port probe_in84[0] in module vio_v3_0_23_vio is either unconnected or has no load
INFO: [Common 17-14] Message 'Synth 8-7129' appears 100 times and further instances of the messages will be disabled. Use the Tcl command set_msg_config to change the current settings.
---------------------------------------------------------------------------------
Finished RTL Elaboration : Time (s): cpu = 00:00:55 ; elapsed = 00:00:59 . Memory (MB): peak = 3311.191 ; gain = 850.656
---------------------------------------------------------------------------------
---------------------------------------------------------------------------------
Start Handling Custom Attributes
---------------------------------------------------------------------------------
---------------------------------------------------------------------------------
Finished Handling Custom Attributes : Time (s): cpu = 00:00:56 ; elapsed = 00:00:59 . Memory (MB): peak = 3311.191 ; gain = 850.656
---------------------------------------------------------------------------------
---------------------------------------------------------------------------------
Finished RTL Optimization Phase 1 : Time (s): cpu = 00:00:56 ; elapsed = 00:00:59 . Memory (MB): peak = 3311.191 ; gain = 850.656
---------------------------------------------------------------------------------
Netlist sorting complete. Time (s): cpu = 00:00:00 ; elapsed = 00:00:00.111 . Memory (MB): peak = 3311.191 ; gain = 0.000
INFO: [Netlist 29-17] Analyzing 71 Unisim elements for replacement
INFO: [Netlist 29-28] Unisim Transformation completed in 0 CPU seconds
INFO: [Project 1-570] Preparing netlist for logic optimization

Processing XDC Constraints
Initializing timing engine
Parsing XDC File [c:/Users/rlaqj/Project/DSD/Lab/Lab01/Vivado/Vivado.gen/sources_1/bd/design_1/ip/design_1_top_0_0/src/vio_0/vio_0.xdc] for cell 'inst/u_vio_0'
Finished Parsing XDC File [c:/Users/rlaqj/Project/DSD/Lab/Lab01/Vivado/Vivado.gen/sources_1/bd/design_1/ip/design_1_top_0_0/src/vio_0/vio_0.xdc] for cell 'inst/u_vio_0'
INFO: [Project 1-236] Implementation specific constraints were found while reading constraint file [c:/Users/rlaqj/Project/DSD/Lab/Lab01/Vivado/Vivado.gen/sources_1/bd/design_1/ip/design_1_top_0_0/src/vio_0/vio_0.xdc]. These constraints will be ignored for synthesis but will be used in implementation. Impacted constraints are listed in the file [.Xil/design_1_top_0_0_propImpl.xdc].
Resolution: To avoid this warning, move constraints listed in [.Xil/design_1_top_0_0_propImpl.xdc] to another XDC file and exclude this new file from synthesis with the used_in_synthesis property (File Properties dialog in GUI) and re-run elaboration/synthesis.
Parsing XDC File [c:/Users/rlaqj/Project/DSD/Lab/Lab01/Vivado/Vivado.gen/sources_1/bd/design_1/ip/design_1_top_0_0/src/ila_0/ila_v6_2/constraints/ila.xdc] for cell 'inst/u_ila_0/inst'
Finished Parsing XDC File [c:/Users/rlaqj/Project/DSD/Lab/Lab01/Vivado/Vivado.gen/sources_1/bd/design_1/ip/design_1_top_0_0/src/ila_0/ila_v6_2/constraints/ila.xdc] for cell 'inst/u_ila_0/inst'
Parsing XDC File [c:/Users/rlaqj/Project/DSD/Lab/Lab01/Vivado/Vivado.gen/sources_1/bd/design_1/ip/design_1_top_0_0/src/top.xdc] for cell 'inst'
create_clock: Time (s): cpu = 00:00:07 ; elapsed = 00:00:07 . Memory (MB): peak = 3400.977 ; gain = 3.195
Finished Parsing XDC File [c:/Users/rlaqj/Project/DSD/Lab/Lab01/Vivado/Vivado.gen/sources_1/bd/design_1/ip/design_1_top_0_0/src/top.xdc] for cell 'inst'
Parsing XDC File [C:/Users/rlaqj/Project/DSD/Lab/Lab01/Vivado/Vivado.runs/design_1_top_0_0_synth_1/dont_touch.xdc]
Finished Parsing XDC File [C:/Users/rlaqj/Project/DSD/Lab/Lab01/Vivado/Vivado.runs/design_1_top_0_0_synth_1/dont_touch.xdc]
INFO: [Project 1-236] Implementation specific constraints were found while reading constraint file [C:/Users/rlaqj/Project/DSD/Lab/Lab01/Vivado/Vivado.runs/design_1_top_0_0_synth_1/dont_touch.xdc]. These constraints will be ignored for synthesis but will be used in implementation. Impacted constraints are listed in the file [.Xil/design_1_top_0_0_propImpl.xdc].
Resolution: To avoid this warning, move constraints listed in [.Xil/design_1_top_0_0_propImpl.xdc] to another XDC file and exclude this new file from synthesis with the used_in_synthesis property (File Properties dialog in GUI) and re-run elaboration/synthesis.
Completed Processing XDC Constraints

Netlist sorting complete. Time (s): cpu = 00:00:00 ; elapsed = 00:00:00.004 . Memory (MB): peak = 3400.977 ; gain = 0.000
INFO: [Project 1-111] Unisim Transformation Summary:
  A total of 52 instances were transformed.
  CFGLUT5 => CFGLUT5 (SRL16E, SRLC32E): 44 instances
  CFGLUT5 => SRLC32E: 8 instances

Constraint Validation Runtime : Time (s): cpu = 00:00:00 ; elapsed = 00:00:00.215 . Memory (MB): peak = 3401.012 ; gain = 0.035
INFO: [Designutils 20-5008] Incremental synthesis strategy off
---------------------------------------------------------------------------------
Finished Constraint Validation : Time (s): cpu = 00:01:17 ; elapsed = 00:01:21 . Memory (MB): peak = 3401.012 ; gain = 940.477
---------------------------------------------------------------------------------
---------------------------------------------------------------------------------
Start Loading Part and Timing Information
---------------------------------------------------------------------------------
Loading part: xck26-sfvc784-2LV-c
INFO: [Synth 8-6742] Reading net delay rules and data
---------------------------------------------------------------------------------
Finished Loading Part and Timing Information : Time (s): cpu = 00:01:17 ; elapsed = 00:01:21 . Memory (MB): peak = 3401.012 ; gain = 940.477
---------------------------------------------------------------------------------
---------------------------------------------------------------------------------
Start Applying 'set_property' XDC Constraints
---------------------------------------------------------------------------------
Applied set_property KEEP_HIERARCHY = SOFT for inst/u_ila_0/inst. (constraint file  C:/Users/rlaqj/Project/DSD/Lab/Lab01/Vivado/Vivado.runs/design_1_top_0_0_synth_1/dont_touch.xdc, line 14).
Applied set_property KEEP_HIERARCHY = SOFT for inst. (constraint file  C:/Users/rlaqj/Project/DSD/Lab/Lab01/Vivado/Vivado.runs/design_1_top_0_0_synth_1/dont_touch.xdc, line 26).
Applied set_property KEEP_HIERARCHY = SOFT for inst/u_vio_0. (constraint file  auto generated constraint).
Applied set_property KEEP_HIERARCHY = SOFT for inst/u_ila_0. (constraint file  auto generated constraint).
---------------------------------------------------------------------------------
Finished applying 'set_property' XDC Constraints : Time (s): cpu = 00:01:18 ; elapsed = 00:01:21 . Memory (MB): peak = 3401.012 ; gain = 940.477
---------------------------------------------------------------------------------
INFO: [Synth 8-802] inferred FSM for state register 'current_state_reg' in module 'xsdbs_v1_0_2_reg_p2s'
INFO: [Synth 8-802] inferred FSM for state register 'current_state_reg' in module 'xsdbs_v1_0_2_reg_p2s__parameterized0'
INFO: [Synth 8-802] inferred FSM for state register 'current_state_reg' in module 'xsdbs_v1_0_2_reg_p2s__parameterized1'
INFO: [Synth 8-802] inferred FSM for state register 'current_state_reg' in module 'xsdbs_v1_0_2_reg_p2s__parameterized2'
INFO: [Synth 8-802] inferred FSM for state register 'current_state_reg' in module 'xsdbs_v1_0_2_reg_p2s__parameterized3'
INFO: [Synth 8-802] inferred FSM for state register 'current_state_reg' in module 'xsdbs_v1_0_2_reg_p2s__parameterized4'
INFO: [Synth 8-802] inferred FSM for state register 'current_state_reg' in module 'ltlib_v1_0_0_generic_memrd'
---------------------------------------------------------------------------------------------------
                   State |                     New Encoding |                Previous Encoding 
---------------------------------------------------------------------------------------------------
*
                    IDLE |                             0001 |                             0001
                     REG |                             0010 |                             0010
                     P2S |                             0100 |                             0100
                     S2P |                             1000 |                             1000
---------------------------------------------------------------------------------------------------
INFO: [Synth 8-3898] No Re-encoding of one hot register 'current_state_reg' in module 'xsdbs_v1_0_2_reg_p2s'
---------------------------------------------------------------------------------------------------
                   State |                     New Encoding |                Previous Encoding 
---------------------------------------------------------------------------------------------------
*
                    IDLE |                             0001 |                             0001
                     REG |                             0010 |                             0010
                     P2S |                             0100 |                             0100
                     S2P |                             1000 |                             1000
---------------------------------------------------------------------------------------------------
INFO: [Synth 8-3898] No Re-encoding of one hot register 'current_state_reg' in module 'xsdbs_v1_0_2_reg_p2s__parameterized0'
---------------------------------------------------------------------------------------------------
                   State |                     New Encoding |                Previous Encoding 
---------------------------------------------------------------------------------------------------
*
                    IDLE |                             0001 |                             0001
                     REG |                             0010 |                             0010
                     P2S |                             0100 |                             0100
                     S2P |                             1000 |                             1000
---------------------------------------------------------------------------------------------------
INFO: [Synth 8-3898] No Re-encoding of one hot register 'current_state_reg' in module 'xsdbs_v1_0_2_reg_p2s__parameterized1'
---------------------------------------------------------------------------------------------------
                   State |                     New Encoding |                Previous Encoding 
---------------------------------------------------------------------------------------------------
*
                    IDLE |                             0001 |                             0001
                     REG |                             0010 |                             0010
                     P2S |                             0100 |                             0100
                     S2P |                             1000 |                             1000
---------------------------------------------------------------------------------------------------
INFO: [Synth 8-3898] No Re-encoding of one hot register 'current_state_reg' in module 'xsdbs_v1_0_2_reg_p2s__parameterized2'
---------------------------------------------------------------------------------------------------
                   State |                     New Encoding |                Previous Encoding 
---------------------------------------------------------------------------------------------------
*
                    IDLE |                             0001 |                             0001
                     REG |                             0010 |                             0010
                     P2S |                             0100 |                             0100
                     S2P |                             1000 |                             1000
---------------------------------------------------------------------------------------------------
INFO: [Synth 8-3898] No Re-encoding of one hot register 'current_state_reg' in module 'xsdbs_v1_0_2_reg_p2s__parameterized3'
---------------------------------------------------------------------------------------------------
                   State |                     New Encoding |                Previous Encoding 
---------------------------------------------------------------------------------------------------
*
                    IDLE |                             0001 |                             0001
                     REG |                             0010 |                             0010
                     P2S |                             0100 |                             0100
                     S2P |                             1000 |                             1000
---------------------------------------------------------------------------------------------------
INFO: [Synth 8-3898] No Re-encoding of one hot register 'current_state_reg' in module 'xsdbs_v1_0_2_reg_p2s__parameterized4'
---------------------------------------------------------------------------------------------------
                   State |                     New Encoding |                Previous Encoding 
---------------------------------------------------------------------------------------------------
*
              RESET_ADDR |                          0000001 |                          0000001
            REQUEST_READ |                          0000010 |                          0000010
           WAIT_READ_ACK |                          0000100 |                          0000100
             OUTPUT_DATA |                          0001000 |                          0001000
                    IDLE |                          0010000 |                          0010000
       INCREMENT_ADDRESS |                          1000000 |                          1000000
---------------------------------------------------------------------------------------------------
INFO: [Synth 8-3898] No Re-encoding of one hot register 'current_state_reg' in module 'ltlib_v1_0_0_generic_memrd'
---------------------------------------------------------------------------------
Finished RTL Optimization Phase 2 : Time (s): cpu = 00:01:20 ; elapsed = 00:01:24 . Memory (MB): peak = 3401.012 ; gain = 940.477
---------------------------------------------------------------------------------
---------------------------------------------------------------------------------
Start RTL Component Statistics 
---------------------------------------------------------------------------------
---------------------------------------------------------------------------------
Finished RTL Component Statistics 
---------------------------------------------------------------------------------
---------------------------------------------------------------------------------
Start Part Resource Summary
---------------------------------------------------------------------------------
Part Resources:
DSPs: 1248 (col length:96)
BRAMs: 288 (col length: RAMB18 96 RAMB36 48)
---------------------------------------------------------------------------------
Finished Part Resource Summary
---------------------------------------------------------------------------------
---------------------------------------------------------------------------------
Start Cross Boundary and Area Optimization
---------------------------------------------------------------------------------
WARNING: [Synth 8-7080] Parallel synthesis criteria is not met
---------------------------------------------------------------------------------
Finished Cross Boundary and Area Optimization : Time (s): cpu = 00:01:32 ; elapsed = 00:01:37 . Memory (MB): peak = 3401.012 ; gain = 940.477
---------------------------------------------------------------------------------
---------------------------------------------------------------------------------
Start Applying XDC Timing Constraints
---------------------------------------------------------------------------------
---------------------------------------------------------------------------------
Finished Applying XDC Timing Constraints : Time (s): cpu = 00:01:50 ; elapsed = 00:01:56 . Memory (MB): peak = 3544.156 ; gain = 1083.621
---------------------------------------------------------------------------------
---------------------------------------------------------------------------------
Start Timing Optimization
---------------------------------------------------------------------------------
---------------------------------------------------------------------------------
Finished Timing Optimization : Time (s): cpu = 00:01:50 ; elapsed = 00:01:56 . Memory (MB): peak = 3575.566 ; gain = 1115.031
---------------------------------------------------------------------------------
---------------------------------------------------------------------------------
Start Technology Mapping
---------------------------------------------------------------------------------
---------------------------------------------------------------------------------
Finished Technology Mapping : Time (s): cpu = 00:01:51 ; elapsed = 00:01:57 . Memory (MB): peak = 3576.641 ; gain = 1116.105
---------------------------------------------------------------------------------
---------------------------------------------------------------------------------
Start IO Insertion
---------------------------------------------------------------------------------
---------------------------------------------------------------------------------
Start Flattening Before IO Insertion
---------------------------------------------------------------------------------
---------------------------------------------------------------------------------
Finished Flattening Before IO Insertion
---------------------------------------------------------------------------------
---------------------------------------------------------------------------------
Start Final Netlist Cleanup
---------------------------------------------------------------------------------
---------------------------------------------------------------------------------
Finished Final Netlist Cleanup
---------------------------------------------------------------------------------
INFO: [Synth 8-3295] tying undriven pin dummy_inferred:in0 to constant 0
INFO: [Synth 8-3295] tying undriven pin inst:sl_iport0[36] to constant 0
INFO: [Synth 8-3295] tying undriven pin inst:sl_iport0[35] to constant 0
INFO: [Synth 8-3295] tying undriven pin inst:sl_iport0[34] to constant 0
INFO: [Synth 8-3295] tying undriven pin inst:sl_iport0[33] to constant 0
INFO: [Synth 8-3295] tying undriven pin inst:sl_iport0[32] to constant 0
INFO: [Synth 8-3295] tying undriven pin inst:sl_iport0[31] to constant 0
INFO: [Synth 8-3295] tying undriven pin inst:sl_iport0[30] to constant 0
INFO: [Synth 8-3295] tying undriven pin inst:sl_iport0[29] to constant 0
INFO: [Synth 8-3295] tying undriven pin inst:sl_iport0[28] to constant 0
INFO: [Synth 8-3295] tying undriven pin inst:sl_iport0[27] to constant 0
INFO: [Synth 8-3295] tying undriven pin inst:sl_iport0[26] to constant 0
INFO: [Synth 8-3295] tying undriven pin inst:sl_iport0[25] to constant 0
INFO: [Synth 8-3295] tying undriven pin inst:sl_iport0[24] to constant 0
INFO: [Synth 8-3295] tying undriven pin inst:sl_iport0[23] to constant 0
INFO: [Synth 8-3295] tying undriven pin inst:sl_iport0[22] to constant 0
INFO: [Synth 8-3295] tying undriven pin inst:sl_iport0[21] to constant 0
INFO: [Synth 8-3295] tying undriven pin inst:sl_iport0[20] to constant 0
INFO: [Synth 8-3295] tying undriven pin inst:sl_iport0[19] to constant 0
INFO: [Synth 8-3295] tying undriven pin inst:sl_iport0[18] to constant 0
INFO: [Synth 8-3295] tying undriven pin inst:sl_iport0[17] to constant 0
INFO: [Synth 8-3295] tying undriven pin inst:sl_iport0[16] to constant 0
INFO: [Synth 8-3295] tying undriven pin inst:sl_iport0[15] to constant 0
INFO: [Synth 8-3295] tying undriven pin inst:sl_iport0[14] to constant 0
INFO: [Synth 8-3295] tying undriven pin inst:sl_iport0[13] to constant 0
INFO: [Synth 8-3295] tying undriven pin inst:sl_iport0[12] to constant 0
INFO: [Synth 8-3295] tying undriven pin inst:sl_iport0[11] to constant 0
INFO: [Synth 8-3295] tying undriven pin inst:sl_iport0[10] to constant 0
INFO: [Synth 8-3295] tying undriven pin inst:sl_iport0[9] to constant 0
INFO: [Synth 8-3295] tying undriven pin inst:sl_iport0[8] to constant 0
INFO: [Synth 8-3295] tying undriven pin inst:sl_iport0[7] to constant 0
INFO: [Synth 8-3295] tying undriven pin inst:sl_iport0[6] to constant 0
INFO: [Synth 8-3295] tying undriven pin inst:sl_iport0[5] to constant 0
INFO: [Synth 8-3295] tying undriven pin inst:sl_iport0[4] to constant 0
INFO: [Synth 8-3295] tying undriven pin inst:sl_iport0[3] to constant 0
INFO: [Synth 8-3295] tying undriven pin inst:sl_iport0[2] to constant 0
INFO: [Synth 8-3295] tying undriven pin inst:sl_iport0[1] to constant 0
INFO: [Synth 8-3295] tying undriven pin inst:sl_iport0[0] to constant 0
INFO: [Synth 8-3295] tying undriven pin inst:trig_in to constant 0
INFO: [Synth 8-3295] tying undriven pin inst:trig_out_ack to constant 0
INFO: [Synth 8-3295] tying undriven pin inst:sl_iport0[36] to constant 0
INFO: [Synth 8-3295] tying undriven pin inst:sl_iport0[35] to constant 0
INFO: [Synth 8-3295] tying undriven pin inst:sl_iport0[34] to constant 0
INFO: [Synth 8-3295] tying undriven pin inst:sl_iport0[33] to constant 0
INFO: [Synth 8-3295] tying undriven pin inst:sl_iport0[32] to constant 0
INFO: [Synth 8-3295] tying undriven pin inst:sl_iport0[31] to constant 0
INFO: [Synth 8-3295] tying undriven pin inst:sl_iport0[30] to constant 0
INFO: [Synth 8-3295] tying undriven pin inst:sl_iport0[29] to constant 0
INFO: [Synth 8-3295] tying undriven pin inst:sl_iport0[28] to constant 0
INFO: [Synth 8-3295] tying undriven pin inst:sl_iport0[27] to constant 0
INFO: [Synth 8-3295] tying undriven pin inst:sl_iport0[26] to constant 0
INFO: [Synth 8-3295] tying undriven pin inst:sl_iport0[25] to constant 0
INFO: [Synth 8-3295] tying undriven pin inst:sl_iport0[24] to constant 0
INFO: [Synth 8-3295] tying undriven pin inst:sl_iport0[23] to constant 0
INFO: [Synth 8-3295] tying undriven pin inst:sl_iport0[22] to constant 0
INFO: [Synth 8-3295] tying undriven pin inst:sl_iport0[21] to constant 0
INFO: [Synth 8-3295] tying undriven pin inst:sl_iport0[20] to constant 0
INFO: [Synth 8-3295] tying undriven pin inst:sl_iport0[19] to constant 0
INFO: [Synth 8-3295] tying undriven pin inst:sl_iport0[18] to constant 0
INFO: [Synth 8-3295] tying undriven pin inst:sl_iport0[17] to constant 0
INFO: [Synth 8-3295] tying undriven pin inst:sl_iport0[16] to constant 0
INFO: [Synth 8-3295] tying undriven pin inst:sl_iport0[15] to constant 0
INFO: [Synth 8-3295] tying undriven pin inst:sl_iport0[14] to constant 0
INFO: [Synth 8-3295] tying undriven pin inst:sl_iport0[13] to constant 0
INFO: [Synth 8-3295] tying undriven pin inst:sl_iport0[12] to constant 0
INFO: [Synth 8-3295] tying undriven pin inst:sl_iport0[11] to constant 0
INFO: [Synth 8-3295] tying undriven pin inst:sl_iport0[10] to constant 0
INFO: [Synth 8-3295] tying undriven pin inst:sl_iport0[9] to constant 0
INFO: [Synth 8-3295] tying undriven pin inst:sl_iport0[8] to constant 0
INFO: [Synth 8-3295] tying undriven pin inst:sl_iport0[7] to constant 0
INFO: [Synth 8-3295] tying undriven pin inst:sl_iport0[6] to constant 0
INFO: [Synth 8-3295] tying undriven pin inst:sl_iport0[5] to constant 0
INFO: [Synth 8-3295] tying undriven pin inst:sl_iport0[4] to constant 0
INFO: [Synth 8-3295] tying undriven pin inst:sl_iport0[3] to constant 0
INFO: [Synth 8-3295] tying undriven pin inst:sl_iport0[2] to constant 0
INFO: [Synth 8-3295] tying undriven pin inst:sl_iport0[1] to constant 0
INFO: [Synth 8-3295] tying undriven pin inst:sl_iport0[0] to constant 0
---------------------------------------------------------------------------------
Finished IO Insertion : Time (s): cpu = 00:01:59 ; elapsed = 00:02:05 . Memory (MB): peak = 3583.328 ; gain = 1122.793
---------------------------------------------------------------------------------
---------------------------------------------------------------------------------
Start Renaming Generated Instances
---------------------------------------------------------------------------------
---------------------------------------------------------------------------------
Finished Renaming Generated Instances : Time (s): cpu = 00:01:59 ; elapsed = 00:02:05 . Memory (MB): peak = 3583.328 ; gain = 1122.793
---------------------------------------------------------------------------------
---------------------------------------------------------------------------------
Start Rebuilding User Hierarchy
---------------------------------------------------------------------------------
---------------------------------------------------------------------------------
Finished Rebuilding User Hierarchy : Time (s): cpu = 00:01:59 ; elapsed = 00:02:05 . Memory (MB): peak = 3583.328 ; gain = 1122.793
---------------------------------------------------------------------------------
---------------------------------------------------------------------------------
Start Renaming Generated Ports
---------------------------------------------------------------------------------
---------------------------------------------------------------------------------
Finished Renaming Generated Ports : Time (s): cpu = 00:01:59 ; elapsed = 00:02:05 . Memory (MB): peak = 3583.328 ; gain = 1122.793
---------------------------------------------------------------------------------
---------------------------------------------------------------------------------
Start Handling Custom Attributes
---------------------------------------------------------------------------------
---------------------------------------------------------------------------------
Finished Handling Custom Attributes : Time (s): cpu = 00:01:59 ; elapsed = 00:02:05 . Memory (MB): peak = 3583.328 ; gain = 1122.793
---------------------------------------------------------------------------------
---------------------------------------------------------------------------------
Start Renaming Generated Nets
---------------------------------------------------------------------------------
---------------------------------------------------------------------------------
Finished Renaming Generated Nets : Time (s): cpu = 00:01:59 ; elapsed = 00:02:05 . Memory (MB): peak = 3583.328 ; gain = 1122.793
---------------------------------------------------------------------------------
---------------------------------------------------------------------------------
Start Writing Synthesis Report
---------------------------------------------------------------------------------

Report BlackBoxes: 
+-+--------------+----------+
| |BlackBox name |Instances |
+-+--------------+----------+
+-+--------------+----------+

Report Cell Usage: 
+------+---------+------+
|      |Cell     |Count |
+------+---------+------+
|1     |CARRY4   |    19|
|2     |CFGLUT5  |    52|
|3     |LUT1     |    33|
|4     |LUT2     |    43|
|5     |LUT3     |   127|
|6     |LUT4     |   116|
|7     |LUT5     |   103|
|8     |LUT6     |   478|
|9     |MUXF7    |     3|
|10    |RAMB18E2 |     1|
|11    |SRL16E   |    17|
|12    |SRLC16E  |     2|
|13    |SRLC32E  |    17|
|14    |FDRE     |  1539|
|15    |FDSE     |    10|
+------+---------+------+
---------------------------------------------------------------------------------
Finished Writing Synthesis Report : Time (s): cpu = 00:01:59 ; elapsed = 00:02:05 . Memory (MB): peak = 3583.328 ; gain = 1122.793
---------------------------------------------------------------------------------
Synthesis finished with 0 errors, 0 critical warnings and 2873 warnings.
Synthesis Optimization Runtime : Time (s): cpu = 00:00:50 ; elapsed = 00:01:51 . Memory (MB): peak = 3583.328 ; gain = 1032.973
Synthesis Optimization Complete : Time (s): cpu = 00:01:59 ; elapsed = 00:02:05 . Memory (MB): peak = 3583.328 ; gain = 1122.793
INFO: [Project 1-571] Translating synthesized netlist
Netlist sorting complete. Time (s): cpu = 00:00:00 ; elapsed = 00:00:00.052 . Memory (MB): peak = 3583.328 ; gain = 0.000
INFO: [Netlist 29-17] Analyzing 74 Unisim elements for replacement
INFO: [Netlist 29-28] Unisim Transformation completed in 0 CPU seconds
INFO: [Project 1-570] Preparing netlist for logic optimization
INFO: [Opt 31-138] Pushed 0 inverter(s) to 0 load pin(s).
Netlist sorting complete. Time (s): cpu = 00:00:00 ; elapsed = 00:00:00.001 . Memory (MB): peak = 3622.559 ; gain = 0.000
INFO: [Project 1-111] Unisim Transformation Summary:
  A total of 63 instances were transformed.
  (CARRY4) => CARRY8: 11 instances
  CFGLUT5 => CFGLUT5 (SRL16E, SRLC32E): 44 instances
  CFGLUT5 => SRLC32E: 8 instances

Synth Design complete | Checksum: badd87f2
INFO: [Common 17-83] Releasing license: Synthesis
243 Infos, 123 Warnings, 0 Critical Warnings and 0 Errors encountered.
synth_design completed successfully
synth_design: Time (s): cpu = 00:02:11 ; elapsed = 00:02:19 . Memory (MB): peak = 3622.559 ; gain = 2165.266
INFO: [Common 17-1381] The checkpoint 'C:/Users/rlaqj/Project/DSD/Lab/Lab01/Vivado/Vivado.runs/design_1_top_0_0_synth_1/design_1_top_0_0.dcp' has been generated.
INFO: [Coretcl 2-1648] Added synthesis output to IP cache for IP design_1_top_0_0, cache-ID = 6607fce9e944c212
INFO: [Coretcl 2-1174] Renamed 129 cell refs.
INFO: [Common 17-1381] The checkpoint 'C:/Users/rlaqj/Project/DSD/Lab/Lab01/Vivado/Vivado.runs/design_1_top_0_0_synth_1/design_1_top_0_0.dcp' has been generated.
INFO: [runtcl-4] Executing : report_utilization -file design_1_top_0_0_utilization_synth.rpt -pb design_1_top_0_0_utilization_synth.pb
INFO: [Common 17-206] Exiting Vivado at Thu Mar 19 20:06:48 2026...
